{"level":"INFO","time":"2024-12-19T13:26:39.811+0800","caller":"user/user.go:43","msg":"短信平台调用成功， 发送短信 Info"}
{"level":"DEBUG","time":"2024-12-19T13:26:39.812+0800","caller":"user/user.go:44","msg":"短信平台调用成功， 发送短信 debug"}
{"level":"ERROR","time":"2024-12-19T13:26:39.812+0800","caller":"user/user.go:45","msg":"短信平台调用成功， 发送短信 error"}
{"level":"INFO","time":"2024-12-19T13:59:09.187+0800","caller":"user/user.go:42","msg":"短信平台调用成功， 发送短信 Info"}
{"level":"INFO","time":"2024-12-19T15:37:09.641+0800","caller":"login.service.v1/login_service.go:39","msg":"短信平台调用成功， 发送短信 Info"}
{"level":"INFO","time":"2024-12-19T15:51:54.775+0800","caller":"login.service.v1/login_service.go:39","msg":"短信平台调用成功， 发送短信 Info"}
{"level":"INFO","time":"2024-12-19T16:14:48.173+0800","caller":"login.service.v1/login_service.go:40","msg":"短信平台调用成功， 发送短信 Info"}
{"level":"INFO","time":"2024-12-19T22:13:22.051+0800","caller":"login.service.v1/login_service.go:40","msg":"短信平台调用成功， 发送短信 Info"}
{"level":"INFO","time":"2024-12-19T22:13:41.159+0800","caller":"login.service.v1/login_service.go:40","msg":"短信平台调用成功， 发送短信 Info"}
{"level":"ERROR","time":"2024-12-19T22:39:29.775+0800","caller":"discovery/discovery.go:114","msg":"register failed","error":"context deadline exceeded"}
{"level":"ERROR","time":"2024-12-23T10:06:20.274+0800","caller":"discovery/resolver.go:106","msg":"sync failed","error":"context deadline exceeded"}
{"level":"INFO","time":"2024-12-23T10:10:32.440+0800","caller":"login.service.v1/login_service.go:40","msg":"短信平台调用成功， 发送短信 Info"}
{"level":"INFO","time":"2024-12-23T10:16:11.088+0800","caller":"login.service.v1/login_service.go:40","msg":"短信平台调用成功， 发送短信 Info"}
{"level":"INFO","time":"2024-12-23T11:29:07.259+0800","caller":"login.service.v1/login_service.go:40","msg":"短信平台调用成功， 发送短信 Info"}
{"level":"ERROR","time":"2024-12-23T13:11:42.856+0800","caller":"discovery/discovery.go:114","msg":"register failed","error":"context deadline exceeded"}
{"level":"ERROR","time":"2024-12-23T13:11:45.858+0800","caller":"discovery/discovery.go:114","msg":"register failed","error":"context deadline exceeded"}
{"level":"ERROR","time":"2024-12-23T13:11:48.858+0800","caller":"discovery/discovery.go:114","msg":"register failed","error":"context deadline exceeded"}
{"level":"ERROR","time":"2024-12-23T13:11:51.859+0800","caller":"discovery/discovery.go:114","msg":"register failed","error":"context deadline exceeded"}
{"level":"INFO","time":"2024-12-23T14:17:39.851+0800","caller":"login.service.v1/login_service.go:40","msg":"短信平台调用成功， 发送短信 Info"}
{"level":"ERROR","time":"2024-12-23T14:19:57.627+0800","caller":"discovery/discovery.go:114","msg":"register failed","error":"context deadline exceeded"}
{"level":"ERROR","time":"2024-12-23T14:20:00.630+0800","caller":"discovery/discovery.go:114","msg":"register failed","error":"context deadline exceeded"}
{"level":"ERROR","time":"2024-12-23T14:20:03.630+0800","caller":"discovery/discovery.go:114","msg":"register failed","error":"context deadline exceeded"}
{"level":"ERROR","time":"2024-12-23T14:20:06.631+0800","caller":"discovery/discovery.go:114","msg":"register failed","error":"context deadline exceeded"}
{"level":"ERROR","time":"2024-12-23T14:20:09.631+0800","caller":"discovery/discovery.go:114","msg":"register failed","error":"context deadline exceeded"}
{"level":"ERROR","time":"2024-12-23T14:20:12.631+0800","caller":"discovery/discovery.go:114","msg":"register failed","error":"context deadline exceeded"}
{"level":"ERROR","time":"2024-12-23T14:20:15.632+0800","caller":"discovery/discovery.go:114","msg":"register failed","error":"context deadline exceeded"}
{"level":"ERROR","time":"2024-12-23T14:20:18.633+0800","caller":"discovery/discovery.go:114","msg":"register failed","error":"context deadline exceeded"}
{"level":"ERROR","time":"2024-12-23T14:20:21.633+0800","caller":"discovery/discovery.go:114","msg":"register failed","error":"context deadline exceeded"}
{"level":"ERROR","time":"2024-12-23T14:20:24.634+0800","caller":"discovery/discovery.go:114","msg":"register failed","error":"context deadline exceeded"}
{"level":"INFO","time":"2024-12-23T14:45:46.431+0800","caller":"login.service.v1/login_service.go:40","msg":"短信平台调用成功， 发送短信 Info"}
{"level":"ERROR","time":"2024-12-24T09:23:13.042+0800","caller":"discovery/resolver.go:146","msg":"sync failed","error":"context deadline exceeded"}
{"level":"INFO","time":"2024-12-24T11:11:31.629+0800","caller":"login.service.v1/login_service.go:43","msg":"短信平台调用成功， 发送短信 Info"}
{"level":"ERROR","time":"2024-12-24T11:17:18.230+0800","caller":"discovery/resolver.go:146","msg":"sync failed","error":"context deadline exceeded"}
{"level":"ERROR","time":"2024-12-24T11:24:53.331+0800","caller":"login.service.v1/login_service.go:65","msg":"Register redis get error","error":"redis: nil"}
{"level":"INFO","time":"2024-12-24T11:25:09.512+0800","caller":"login.service.v1/login_service.go:43","msg":"短信平台调用成功， 发送短信 Info"}
{"level":"ERROR","time":"2024-12-24T11:25:12.504+0800","caller":"login.service.v1/login_service.go:65","msg":"Register redis get error","error":"redis: nil"}
{"level":"ERROR","time":"2024-12-24T11:26:20.317+0800","caller":"login.service.v1/login_service.go:65","msg":"Register redis get error","error":"redis: nil"}
{"level":"INFO","time":"2024-12-24T11:26:34.413+0800","caller":"login.service.v1/login_service.go:43","msg":"短信平台调用成功， 发送短信 Info"}
{"level":"ERROR","time":"2024-12-24T11:26:42.117+0800","caller":"login.service.v1/login_service.go:65","msg":"Register redis get error","error":"redis: nil"}
{"level":"ERROR","time":"2024-12-24T11:27:58.044+0800","caller":"discovery/discovery.go:114","msg":"register failed","error":"context deadline exceeded"}
{"level":"ERROR","time":"2024-12-24T11:30:35.774+0800","caller":"login.service.v1/login_service.go:65","msg":"Register redis get error","error":"redis: nil"}
{"level":"ERROR","time":"2024-12-24T11:30:35.774+0800","caller":"discovery/discovery.go:114","msg":"register failed","error":"context deadline exceeded"}
{"level":"ERROR","time":"2024-12-24T11:34:26.195+0800","caller":"login.service.v1/login_service.go:65","msg":"Register redis get error","error":"redis: nil"}
{"level":"INFO","time":"2024-12-24T11:35:06.419+0800","caller":"login.service.v1/login_service.go:43","msg":"短信平台调用成功， 发送短信 Info"}
{"level":"ERROR","time":"2024-12-24T11:35:26.534+0800","caller":"login.service.v1/login_service.go:65","msg":"Register redis get error","error":"redis: nil"}
{"level":"ERROR","time":"2024-12-24T11:35:26.542+0800","caller":"discovery/discovery.go:114","msg":"register failed","error":"etcdserver: requested lease not found"}
{"level":"ERROR","time":"2024-12-24T11:35:33.813+0800","caller":"login.service.v1/login_service.go:65","msg":"Register redis get error","error":"redis: nil"}
{"level":"INFO","time":"2024-12-24T12:08:22.792+0800","caller":"login.service.v1/login_service.go:48","msg":"短信平台调用成功， 发送短信 Info"}
{"level":"ERROR","time":"2024-12-24T12:08:46.085+0800","caller":"login.service.v1/login_service.go:115","msg":"Register db SaveMember get error","error":"Error 1054 (42S22): Unknown column 'real_name' in 'field list'"}
{"level":"ERROR","time":"2024-12-24T12:24:33.535+0800","caller":"login.service.v1/login_service.go:115","msg":"Register db SaveMember get error","error":"Error 1054 (42S22): Unknown column 'real_name' in 'field list'"}
{"level":"ERROR","time":"2024-12-24T12:24:33.546+0800","caller":"discovery/discovery.go:114","msg":"register failed","error":"etcdserver: requested lease not found"}
{"level":"ERROR","time":"2024-12-24T12:25:07.067+0800","caller":"login.service.v1/login_service.go:70","msg":"Register redis get error","error":"redis: nil"}
{"level":"INFO","time":"2024-12-24T12:25:36.483+0800","caller":"login.service.v1/login_service.go:48","msg":"短信平台调用成功， 发送短信 Info"}
{"level":"ERROR","time":"2024-12-24T12:25:54.640+0800","caller":"login.service.v1/login_service.go:115","msg":"Register db SaveMember get error","error":"Error 1054 (42S22): Unknown column 'real_name' in 'field list'"}
{"level":"ERROR","time":"2024-12-24T12:25:57.672+0800","caller":"login.service.v1/login_service.go:115","msg":"Register db SaveMember get error","error":"Error 1054 (42S22): Unknown column 'real_name' in 'field list'"}
{"level":"INFO","time":"2024-12-25T16:11:07.589+0800","caller":"login.service.v1/login_service.go:49","msg":"短信平台调用成功， 发送短信 Info"}
{"level":"INFO","time":"2024-12-25T16:35:53.468+0800","caller":"login.service.v1/login_service.go:53","msg":"短信平台调用成功， 发送短信 Info"}
{"level":"INFO","time":"2024-12-25T16:37:04.374+0800","caller":"login.service.v1/login_service.go:53","msg":"短信平台调用成功， 发送短信 Info"}
{"level":"ERROR","time":"2024-12-25T16:38:10.076+0800","caller":"login.service.v1/login_service.go:138","msg":"Register db SaveOrganization get error","error":"Error 1406 (22001): Data too long for column 'avatar' at row 1"}
{"level":"ERROR","time":"2024-12-25T16:40:14.140+0800","caller":"login.service.v1/login_service.go:125","msg":"Register db SaveMember get error","error":"sql: transaction has already been committed or rolled back"}
{"level":"ERROR","time":"2024-12-25T16:45:24.429+0800","caller":"login.service.v1/login_service.go:138","msg":"Register db SaveOrganization get error","error":"Error 1406 (22001): Data too long for column 'avatar' at row 1"}
{"level":"ERROR","time":"2024-12-25T16:45:43.765+0800","caller":"login.service.v1/login_service.go:138","msg":"Register db SaveOrganization get error","error":"Error 1406 (22001): Data too long for column 'avatar' at row 1"}
{"level":"ERROR","time":"2024-12-25T16:46:12.541+0800","caller":"login.service.v1/login_service.go:138","msg":"Register db SaveOrganization get error","error":"Error 1406 (22001): Data too long for column 'avatar' at row 1"}
{"level":"ERROR","time":"2024-12-25T16:51:48.268+0800","caller":"login.service.v1/login_service.go:88","msg":"Register db get error","error":"sql: transaction has already been committed or rolled back"}
{"level":"INFO","time":"2024-12-25T16:52:20.872+0800","caller":"login.service.v1/login_service.go:53","msg":"短信平台调用成功， 发送短信 Info"}
{"level":"ERROR","time":"2024-12-25T16:52:23.729+0800","caller":"login.service.v1/login_service.go:88","msg":"Register db get error","error":"sql: transaction has already been committed or rolled back"}
{"level":"INFO","time":"2024-12-26T15:05:42.368+0800","caller":"login.service.v1/login_service.go:54","msg":"短信平台调用成功， 发送短信 Info"}
{"level":"ERROR","time":"2024-12-26T15:21:03.405+0800","caller":"discovery/discovery.go:114","msg":"register failed","error":"context deadline exceeded"}
{"level":"INFO","time":"2024-12-26T15:24:35.413+0800","caller":"login.service.v1/login_service.go:54","msg":"短信平台调用成功， 发送短信 Info"}
{"level":"ERROR","time":"2024-12-29T20:40:54.050+0800","caller":"discovery/discovery.go:114","msg":"register failed","error":"context deadline exceeded"}
{"level":"INFO","time":"2024-12-29T21:06:11.041+0800","caller":"login.service.v1/login_service.go:56","msg":"短信平台调用成功， 发送短信 Info"}
