{"level":"INFO","time":"2024-12-19T13:26:39.811+0800","caller":"user/user.go:43","msg":"短信平台调用成功， 发送短信 Info"}
{"level":"ERROR","time":"2024-12-19T13:26:39.812+0800","caller":"user/user.go:45","msg":"短信平台调用成功， 发送短信 error"}
{"level":"INFO","time":"2024-12-19T13:59:09.187+0800","caller":"user/user.go:42","msg":"短信平台调用成功， 发送短信 Info"}
{"level":"INFO","time":"2024-12-19T15:37:09.641+0800","caller":"login.service.v1/login_service.go:39","msg":"短信平台调用成功， 发送短信 Info"}
{"level":"INFO","time":"2024-12-19T15:51:54.775+0800","caller":"login.service.v1/login_service.go:39","msg":"短信平台调用成功， 发送短信 Info"}
{"level":"INFO","time":"2024-12-19T16:14:48.173+0800","caller":"login.service.v1/login_service.go:40","msg":"短信平台调用成功， 发送短信 Info"}
{"level":"INFO","time":"2024-12-19T22:13:22.051+0800","caller":"login.service.v1/login_service.go:40","msg":"短信平台调用成功， 发送短信 Info"}
{"level":"INFO","time":"2024-12-19T22:13:41.159+0800","caller":"login.service.v1/login_service.go:40","msg":"短信平台调用成功， 发送短信 Info"}
{"level":"ERROR","time":"2024-12-19T22:39:29.775+0800","caller":"discovery/discovery.go:114","msg":"register failed","error":"context deadline exceeded"}
{"level":"ERROR","time":"2024-12-23T10:06:20.274+0800","caller":"discovery/resolver.go:106","msg":"sync failed","error":"context deadline exceeded"}
{"level":"INFO","time":"2024-12-23T10:10:32.440+0800","caller":"login.service.v1/login_service.go:40","msg":"短信平台调用成功， 发送短信 Info"}
{"level":"INFO","time":"2024-12-23T10:16:11.088+0800","caller":"login.service.v1/login_service.go:40","msg":"短信平台调用成功， 发送短信 Info"}
{"level":"INFO","time":"2024-12-23T11:29:07.259+0800","caller":"login.service.v1/login_service.go:40","msg":"短信平台调用成功， 发送短信 Info"}
{"level":"ERROR","time":"2024-12-23T13:11:42.856+0800","caller":"discovery/discovery.go:114","msg":"register failed","error":"context deadline exceeded"}
{"level":"ERROR","time":"2024-12-23T13:11:45.858+0800","caller":"discovery/discovery.go:114","msg":"register failed","error":"context deadline exceeded"}
{"level":"ERROR","time":"2024-12-23T13:11:48.858+0800","caller":"discovery/discovery.go:114","msg":"register failed","error":"context deadline exceeded"}
{"level":"ERROR","time":"2024-12-23T13:11:51.859+0800","caller":"discovery/discovery.go:114","msg":"register failed","error":"context deadline exceeded"}
{"level":"INFO","time":"2024-12-23T14:17:39.851+0800","caller":"login.service.v1/login_service.go:40","msg":"短信平台调用成功， 发送短信 Info"}
{"level":"ERROR","time":"2024-12-23T14:19:57.627+0800","caller":"discovery/discovery.go:114","msg":"register failed","error":"context deadline exceeded"}
{"level":"ERROR","time":"2024-12-23T14:20:00.630+0800","caller":"discovery/discovery.go:114","msg":"register failed","error":"context deadline exceeded"}
{"level":"ERROR","time":"2024-12-23T14:20:03.630+0800","caller":"discovery/discovery.go:114","msg":"register failed","error":"context deadline exceeded"}
{"level":"ERROR","time":"2024-12-23T14:20:06.631+0800","caller":"discovery/discovery.go:114","msg":"register failed","error":"context deadline exceeded"}
{"level":"ERROR","time":"2024-12-23T14:20:09.631+0800","caller":"discovery/discovery.go:114","msg":"register failed","error":"context deadline exceeded"}
{"level":"ERROR","time":"2024-12-23T14:20:12.631+0800","caller":"discovery/discovery.go:114","msg":"register failed","error":"context deadline exceeded"}
{"level":"ERROR","time":"2024-12-23T14:20:15.632+0800","caller":"discovery/discovery.go:114","msg":"register failed","error":"context deadline exceeded"}
{"level":"ERROR","time":"2024-12-23T14:20:18.633+0800","caller":"discovery/discovery.go:114","msg":"register failed","error":"context deadline exceeded"}
{"level":"ERROR","time":"2024-12-23T14:20:21.633+0800","caller":"discovery/discovery.go:114","msg":"register failed","error":"context deadline exceeded"}
{"level":"ERROR","time":"2024-12-23T14:20:24.634+0800","caller":"discovery/discovery.go:114","msg":"register failed","error":"context deadline exceeded"}
{"level":"INFO","time":"2024-12-23T14:45:46.431+0800","caller":"login.service.v1/login_service.go:40","msg":"短信平台调用成功， 发送短信 Info"}
{"level":"ERROR","time":"2024-12-24T09:23:13.042+0800","caller":"discovery/resolver.go:146","msg":"sync failed","error":"context deadline exceeded"}
{"level":"INFO","time":"2024-12-24T11:11:31.629+0800","caller":"login.service.v1/login_service.go:43","msg":"短信平台调用成功， 发送短信 Info"}
{"level":"ERROR","time":"2024-12-24T11:17:18.230+0800","caller":"discovery/resolver.go:146","msg":"sync failed","error":"context deadline exceeded"}
{"level":"ERROR","time":"2024-12-24T11:24:53.331+0800","caller":"login.service.v1/login_service.go:65","msg":"Register redis get error","error":"redis: nil"}
{"level":"INFO","time":"2024-12-24T11:25:09.512+0800","caller":"login.service.v1/login_service.go:43","msg":"短信平台调用成功， 发送短信 Info"}
{"level":"ERROR","time":"2024-12-24T11:25:12.504+0800","caller":"login.service.v1/login_service.go:65","msg":"Register redis get error","error":"redis: nil"}
{"level":"ERROR","time":"2024-12-24T11:26:20.317+0800","caller":"login.service.v1/login_service.go:65","msg":"Register redis get error","error":"redis: nil"}
{"level":"INFO","time":"2024-12-24T11:26:34.413+0800","caller":"login.service.v1/login_service.go:43","msg":"短信平台调用成功， 发送短信 Info"}
{"level":"ERROR","time":"2024-12-24T11:26:42.117+0800","caller":"login.service.v1/login_service.go:65","msg":"Register redis get error","error":"redis: nil"}
{"level":"ERROR","time":"2024-12-24T11:27:58.044+0800","caller":"discovery/discovery.go:114","msg":"register failed","error":"context deadline exceeded"}
{"level":"ERROR","time":"2024-12-24T11:30:35.774+0800","caller":"login.service.v1/login_service.go:65","msg":"Register redis get error","error":"redis: nil"}
{"level":"ERROR","time":"2024-12-24T11:30:35.774+0800","caller":"discovery/discovery.go:114","msg":"register failed","error":"context deadline exceeded"}
{"level":"ERROR","time":"2024-12-24T11:34:26.195+0800","caller":"login.service.v1/login_service.go:65","msg":"Register redis get error","error":"redis: nil"}
{"level":"INFO","time":"2024-12-24T11:35:06.419+0800","caller":"login.service.v1/login_service.go:43","msg":"短信平台调用成功， 发送短信 Info"}
{"level":"ERROR","time":"2024-12-24T11:35:26.534+0800","caller":"login.service.v1/login_service.go:65","msg":"Register redis get error","error":"redis: nil"}
{"level":"ERROR","time":"2024-12-24T11:35:26.542+0800","caller":"discovery/discovery.go:114","msg":"register failed","error":"etcdserver: requested lease not found"}
{"level":"ERROR","time":"2024-12-24T11:35:33.813+0800","caller":"login.service.v1/login_service.go:65","msg":"Register redis get error","error":"redis: nil"}
{"level":"INFO","time":"2024-12-24T12:08:22.792+0800","caller":"login.service.v1/login_service.go:48","msg":"短信平台调用成功， 发送短信 Info"}
{"level":"ERROR","time":"2024-12-24T12:08:46.085+0800","caller":"login.service.v1/login_service.go:115","msg":"Register db SaveMember get error","error":"Error 1054 (42S22): Unknown column 'real_name' in 'field list'"}
{"level":"ERROR","time":"2024-12-24T12:24:33.535+0800","caller":"login.service.v1/login_service.go:115","msg":"Register db SaveMember get error","error":"Error 1054 (42S22): Unknown column 'real_name' in 'field list'"}
{"level":"ERROR","time":"2024-12-24T12:24:33.546+0800","caller":"discovery/discovery.go:114","msg":"register failed","error":"etcdserver: requested lease not found"}
{"level":"ERROR","time":"2024-12-24T12:25:07.067+0800","caller":"login.service.v1/login_service.go:70","msg":"Register redis get error","error":"redis: nil"}
{"level":"INFO","time":"2024-12-24T12:25:36.483+0800","caller":"login.service.v1/login_service.go:48","msg":"短信平台调用成功， 发送短信 Info"}
{"level":"ERROR","time":"2024-12-24T12:25:54.640+0800","caller":"login.service.v1/login_service.go:115","msg":"Register db SaveMember get error","error":"Error 1054 (42S22): Unknown column 'real_name' in 'field list'"}
{"level":"ERROR","time":"2024-12-24T12:25:57.672+0800","caller":"login.service.v1/login_service.go:115","msg":"Register db SaveMember get error","error":"Error 1054 (42S22): Unknown column 'real_name' in 'field list'"}
{"level":"INFO","time":"2024-12-25T16:11:07.589+0800","caller":"login.service.v1/login_service.go:49","msg":"短信平台调用成功， 发送短信 Info"}
{"level":"INFO","time":"2024-12-25T16:35:53.468+0800","caller":"login.service.v1/login_service.go:53","msg":"短信平台调用成功， 发送短信 Info"}
{"level":"INFO","time":"2024-12-25T16:37:04.374+0800","caller":"login.service.v1/login_service.go:53","msg":"短信平台调用成功， 发送短信 Info"}
{"level":"ERROR","time":"2024-12-25T16:38:10.076+0800","caller":"login.service.v1/login_service.go:138","msg":"Register db SaveOrganization get error","error":"Error 1406 (22001): Data too long for column 'avatar' at row 1"}
{"level":"ERROR","time":"2024-12-25T16:40:14.140+0800","caller":"login.service.v1/login_service.go:125","msg":"Register db SaveMember get error","error":"sql: transaction has already been committed or rolled back"}
{"level":"ERROR","time":"2024-12-25T16:45:24.429+0800","caller":"login.service.v1/login_service.go:138","msg":"Register db SaveOrganization get error","error":"Error 1406 (22001): Data too long for column 'avatar' at row 1"}
{"level":"ERROR","time":"2024-12-25T16:45:43.765+0800","caller":"login.service.v1/login_service.go:138","msg":"Register db SaveOrganization get error","error":"Error 1406 (22001): Data too long for column 'avatar' at row 1"}
{"level":"ERROR","time":"2024-12-25T16:46:12.541+0800","caller":"login.service.v1/login_service.go:138","msg":"Register db SaveOrganization get error","error":"Error 1406 (22001): Data too long for column 'avatar' at row 1"}
{"level":"ERROR","time":"2024-12-25T16:51:48.268+0800","caller":"login.service.v1/login_service.go:88","msg":"Register db get error","error":"sql: transaction has already been committed or rolled back"}
{"level":"INFO","time":"2024-12-25T16:52:20.872+0800","caller":"login.service.v1/login_service.go:53","msg":"短信平台调用成功， 发送短信 Info"}
{"level":"ERROR","time":"2024-12-25T16:52:23.729+0800","caller":"login.service.v1/login_service.go:88","msg":"Register db get error","error":"sql: transaction has already been committed or rolled back"}
{"level":"INFO","time":"2024-12-26T15:05:42.368+0800","caller":"login.service.v1/login_service.go:54","msg":"短信平台调用成功， 发送短信 Info"}
{"level":"ERROR","time":"2024-12-26T15:21:03.405+0800","caller":"discovery/discovery.go:114","msg":"register failed","error":"context deadline exceeded"}
{"level":"INFO","time":"2024-12-26T15:24:35.413+0800","caller":"login.service.v1/login_service.go:54","msg":"短信平台调用成功， 发送短信 Info"}
{"level":"ERROR","time":"2024-12-29T20:40:54.050+0800","caller":"discovery/discovery.go:114","msg":"register failed","error":"context deadline exceeded"}
{"level":"INFO","time":"2024-12-29T21:06:11.041+0800","caller":"login.service.v1/login_service.go:56","msg":"短信平台调用成功， 发送短信 Info"}
{"level":"INFO","time":"2024-12-30T21:07:09.861+0800","caller":"login.service.v1/login_service.go:56","msg":"短信平台调用成功， 发送短信 Info"}
{"level":"ERROR","time":"2024-12-31T12:17:31.656+0800","caller":"login.service.v1/login_service.go:157","msg":"Login db FindMember get error","error":"invalid connection"}
{"level":"ERROR","time":"2024-12-31T20:44:24.122+0800","caller":"login.service.v1/login_service.go:200","msg":"Login TokenVerify get error","error":"token is malformed: token contains an invalid number of segments"}
{"level":"ERROR","time":"2024-12-31T20:45:44.043+0800","caller":"login.service.v1/login_service.go:200","msg":"Login TokenVerify get error","error":"token is malformed: could not base64 decode header: illegal base64 data at input byte 6"}
{"level":"ERROR","time":"2024-12-31T20:46:08.593+0800","caller":"login.service.v1/login_service.go:200","msg":"Login TokenVerify get error","error":"token is malformed: token contains an invalid number of segments"}
{"level":"ERROR","time":"2024-12-31T20:47:44.033+0800","caller":"login.service.v1/login_service.go:200","msg":"Login TokenVerify get error","error":"token is malformed: token contains an invalid number of segments"}
{"level":"ERROR","time":"2024-12-31T20:48:55.469+0800","caller":"login.service.v1/login_service.go:200","msg":"Login TokenVerify get error","error":"token is malformed: token contains an invalid number of segments"}
{"level":"ERROR","time":"2024-12-31T20:49:06.887+0800","caller":"login.service.v1/login_service.go:200","msg":"Login TokenVerify get error","error":"token is malformed: token contains an invalid number of segments"}
{"level":"ERROR","time":"2024-12-31T20:49:37.627+0800","caller":"login.service.v1/login_service.go:200","msg":"Login TokenVerify get error","error":"token is malformed: could not base64 decode header: illegal base64 data at input byte 6"}
{"level":"ERROR","time":"2024-12-31T20:49:49.671+0800","caller":"login.service.v1/login_service.go:200","msg":"Login TokenVerify get error","error":"token is malformed: token contains an invalid number of segments"}
{"level":"ERROR","time":"2024-12-31T20:50:53.314+0800","caller":"login.service.v1/login_service.go:200","msg":"Login TokenVerify get error","error":"token is malformed: could not base64 decode header: illegal base64 data at input byte 6"}
{"level":"ERROR","time":"2024-12-31T20:51:09.004+0800","caller":"login.service.v1/login_service.go:200","msg":"Login TokenVerify get error","error":"token is malformed: could not base64 decode header: illegal base64 data at input byte 6"}
{"level":"ERROR","time":"2024-12-31T20:53:40.742+0800","caller":"login.service.v1/login_service.go:200","msg":"Login TokenVerify get error","error":"token is malformed: could not base64 decode header: illegal base64 data at input byte 6"}
{"level":"ERROR","time":"2024-12-31T20:53:42.491+0800","caller":"login.service.v1/login_service.go:200","msg":"Login TokenVerify get error","error":"token is malformed: could not base64 decode header: illegal base64 data at input byte 6"}
{"level":"ERROR","time":"2025-01-03T19:03:36.998+0800","caller":"project.service.v1/project_service.go:52","msg":"project FindProjectByMemId error","error":"Error 1054 (42S22): Unknown column 'member_code' in 'where clause'"}
{"level":"ERROR","time":"2025-01-03T19:09:30.978+0800","caller":"project.service.v1/project_service.go:52","msg":"project FindProjectByMemId error","error":"Error 1054 (42S22): Unknown column 'member_code' in 'where clause'"}
{"level":"ERROR","time":"2025-01-03T19:09:36.641+0800","caller":"project.service.v1/project_service.go:52","msg":"project FindProjectByMemId error","error":"Error 1054 (42S22): Unknown column 'member_code' in 'where clause'"}
{"level":"ERROR","time":"2025-01-03T19:12:19.474+0800","caller":"project.service.v1/project_service.go:52","msg":"project FindProjectByMemId error","error":"Error 1054 (42S22): Unknown column 'member_code' in 'where clause'"}
{"level":"ERROR","time":"2025-01-03T19:15:59.671+0800","caller":"project.service.v1/project_service.go:52","msg":"project FindProjectByMemId error","error":"Error 1054 (42S22): Unknown column 'member_code' in 'where clause'"}
{"level":"ERROR","time":"2025-01-05T10:47:26.671+0800","caller":"project.service.v1/project_service.go:68","msg":"project FindProjectByMemId error","error":"Error 1146 (42S02): Table 'msproject.ms_project_collection' doesn't exist"}
{"level":"ERROR","time":"2025-01-05T10:47:27.990+0800","caller":"project.service.v1/project_service.go:68","msg":"project FindProjectByMemId error","error":"Error 1054 (42S22): Unknown column 'archive' in 'where clause'"}
{"level":"ERROR","time":"2025-01-05T10:47:28.929+0800","caller":"project.service.v1/project_service.go:68","msg":"project FindProjectByMemId error","error":"Error 1054 (42S22): Unknown column 'deleted' in 'where clause'"}
{"level":"ERROR","time":"2025-01-05T10:49:24.214+0800","caller":"project.service.v1/project_service.go:68","msg":"project FindProjectByMemId error","error":"Error 1054 (42S22): Unknown column 'archive' in 'where clause'"}
{"level":"ERROR","time":"2025-01-05T10:49:24.973+0800","caller":"project.service.v1/project_service.go:68","msg":"project FindProjectByMemId error","error":"Error 1054 (42S22): Unknown column 'deleted' in 'where clause'"}
{"level":"ERROR","time":"2025-01-05T10:49:25.324+0800","caller":"project.service.v1/project_service.go:68","msg":"project FindProjectByMemId error","error":"Error 1054 (42S22): Unknown column 'archive' in 'where clause'"}
{"level":"ERROR","time":"2025-01-05T12:42:46.898+0800","caller":"project.service.v1/project_service.go:114","msg":"project FindProjectTemplate FindProjectTemplateSystem error","error":"unsupported data type: 0xc0002d2c90: Table not set, please set it like: db.Model(&user) or db.Table(\"users\")"}
{"level":"ERROR","time":"2025-01-05T13:07:22.949+0800","caller":"project.service.v1/project_service.go:120","msg":"project FindProjectTemplate FindInProTemIds error","error":"context canceled"}
{"level":"ERROR","time":"2025-01-05T13:09:22.400+0800","caller":"discovery/discovery.go:114","msg":"register failed","error":"context deadline exceeded"}
{"level":"ERROR","time":"2025-01-05T13:10:11.896+0800","caller":"discovery/discovery.go:114","msg":"register failed","error":"etcdserver: requested lease not found"}
{"level":"ERROR","time":"2025-01-05T13:10:21.948+0800","caller":"discovery/discovery.go:114","msg":"register failed","error":"context deadline exceeded"}
{"level":"ERROR","time":"2025-01-05T13:10:38.431+0800","caller":"discovery/discovery.go:114","msg":"register failed","error":"etcdserver: requested lease not found"}
{"level":"ERROR","time":"2025-01-05T13:11:27.903+0800","caller":"project.service.v1/project_service.go:120","msg":"project FindProjectTemplate FindInProTemIds error","error":"context canceled"}
{"level":"ERROR","time":"2025-01-05T21:01:17.846+0800","caller":"discovery/discovery.go:114","msg":"register failed","error":"context deadline exceeded"}
{"level":"ERROR","time":"2025-01-05T21:03:09.446+0800","caller":"project.service.v1/project_service.go:202","msg":"project SaveProject FindProjectByPIdAndMemId error","error":"context deadline exceeded"}
{"level":"ERROR","time":"2025-01-05T21:03:57.395+0800","caller":"discovery/discovery.go:114","msg":"register failed","error":"context deadline exceeded"}
{"level":"ERROR","time":"2025-01-05T21:03:57.394+0800","caller":"project.service.v1/project_service.go:204","msg":"project SaveProject FindProjectByPIdAndMemId error","error":"context canceled"}
{"level":"ERROR","time":"2025-01-05T21:09:19.403+0800","caller":"discovery/discovery.go:114","msg":"register failed","error":"context deadline exceeded"}
{"level":"ERROR","time":"2025-01-05T21:09:19.403+0800","caller":"project.service.v1/project_service.go:212","msg":"project SaveProject FindCollectByPidAndMemId error","error":"context canceled"}
{"level":"ERROR","time":"2025-01-05T21:09:31.555+0800","caller":"project.service.v1/project_service.go:212","msg":"project SaveProject FindCollectByPidAndMemId error","error":"sql: expected 2 arguments, got 3"}
{"level":"ERROR","time":"2025-01-05T21:09:39.461+0800","caller":"discovery/discovery.go:114","msg":"register failed","error":"etcdserver: requested lease not found"}
{"level":"ERROR","time":"2025-01-05T21:10:27.224+0800","caller":"project.service.v1/project_service.go:212","msg":"project SaveProject FindCollectByPidAndMemId error","error":"sql: expected 2 arguments, got 3"}
{"level":"ERROR","time":"2025-01-05T21:11:04.188+0800","caller":"discovery/discovery.go:114","msg":"register failed","error":"context deadline exceeded"}
{"level":"ERROR","time":"2025-01-05T21:11:56.271+0800","caller":"discovery/discovery.go:114","msg":"register failed","error":"context deadline exceeded"}
{"level":"ERROR","time":"2025-01-06T08:56:25.338+0800","caller":"login.service.v1/login_service.go:222","msg":"TokenVerify db FindMemberById get error","error":"invalid connection"}
{"level":"ERROR","time":"2025-01-06T08:56:25.338+0800","caller":"login.service.v1/login_service.go:222","msg":"TokenVerify db FindMemberById get error","error":"invalid connection"}
{"level":"ERROR","time":"2025-01-06T08:56:28.355+0800","caller":"project.service.v1/project_service.go:77","msg":"project FindProjectByMemId error","error":"invalid connection"}
{"level":"ERROR","time":"2025-01-06T19:55:20.908+0800","caller":"project.service.v1/project_service.go:205","msg":"project FindProjectDetail FindProjectByPIdAndMemId error","error":"context canceled"}
{"level":"ERROR","time":"2025-01-06T19:55:20.909+0800","caller":"discovery/discovery.go:114","msg":"register failed","error":"context deadline exceeded"}
{"level":"ERROR","time":"2025-01-06T19:55:55.964+0800","caller":"project.service.v1/project_service.go:205","msg":"project FindProjectDetail FindProjectByPIdAndMemId error","error":"context canceled"}
{"level":"ERROR","time":"2025-01-06T20:06:51.661+0800","caller":"project.service.v1/project_service.go:213","msg":"project rpc FindProjectDetail FindMemberInfoById error","error":"rpc error: code = DeadlineExceeded desc = context deadline exceeded"}
{"level":"ERROR","time":"2025-01-06T22:51:50.466+0800","caller":"discovery/discovery.go:114","msg":"register failed","error":"context deadline exceeded"}
{"level":"ERROR","time":"2025-01-06T22:51:50.466+0800","caller":"project.service.v1/project_collect.go:30","msg":"project UpdateCollectProject SaveCollectProject error","error":"context deadline exceeded"}
{"level":"ERROR","time":"2025-01-06T22:52:05.946+0800","caller":"project.service.v1/project_collect.go:30","msg":"project UpdateCollectProject SaveCollectProject error","error":"context canceled"}
{"level":"ERROR","time":"2025-01-07T09:53:40.821+0800","caller":"project.service.v1/project_service.go:190","msg":"project SaveProject SaveProjectMember error","error":"context deadline exceeded"}
{"level":"ERROR","time":"2025-01-07T09:53:40.822+0800","caller":"discovery/resolver.go:146","msg":"sync failed","error":"context deadline exceeded"}
{"level":"ERROR","time":"2025-01-07T09:53:40.822+0800","caller":"discovery/discovery.go:114","msg":"register failed","error":"context deadline exceeded"}
{"level":"ERROR","time":"2025-01-07T09:54:24.896+0800","caller":"project.service.v1/project_service.go:190","msg":"project SaveProject SaveProjectMember error","error":"context canceled"}
{"level":"ERROR","time":"2025-01-07T11:10:26.368+0800","caller":"discovery/resolver.go:146","msg":"sync failed","error":"context deadline exceeded"}
{"level":"ERROR","time":"2025-01-08T09:27:34.905+0800","caller":"login.service.v1/login_service.go:222","msg":"TokenVerify db FindMemberById get error","error":"invalid connection"}
{"level":"ERROR","time":"2025-01-08T09:27:45.543+0800","caller":"login.service.v1/login_service.go:222","msg":"TokenVerify db FindMemberById get error","error":"invalid connection"}
{"level":"ERROR","time":"2025-01-08T09:27:45.587+0800","caller":"project.service.v1/project_service.go:136","msg":"project FindProjectTemplate FindProjectTemplateSystem error","error":"invalid connection"}
{"level":"ERROR","time":"2025-01-08T09:48:13.637+0800","caller":"discovery/discovery.go:114","msg":"register failed","error":"context deadline exceeded"}
{"level":"ERROR","time":"2025-01-08T09:48:14.484+0800","caller":"project.service.v1/project_collect.go:33","msg":"project UpdateCollectProject SaveCollectProject error","error":"context deadline exceeded"}
{"level":"ERROR","time":"2025-01-08T09:48:42.828+0800","caller":"discovery/discovery.go:114","msg":"register failed","error":"context deadline exceeded"}
{"level":"ERROR","time":"2025-01-08T09:51:12.270+0800","caller":"project.service.v1/project_collect.go:33","msg":"project UpdateCollectProject SaveCollectProject error","error":"context deadline exceeded"}
{"level":"ERROR","time":"2025-01-08T09:51:12.281+0800","caller":"discovery/discovery.go:114","msg":"register failed","error":"etcdserver: requested lease not found"}
{"level":"ERROR","time":"2025-01-08T09:51:26.592+0800","caller":"project.service.v1/project_collect.go:33","msg":"project UpdateCollectProject SaveCollectProject error","error":"context deadline exceeded"}
{"level":"ERROR","time":"2025-01-08T10:13:34.817+0800","caller":"project.service.v1/project_collect.go:33","msg":"project UpdateCollectProject SaveCollectProject error","error":"context deadline exceeded"}
{"level":"ERROR","time":"2025-01-08T11:23:16.426+0800","caller":"project.service.v1/project_service.go:137","msg":"project FindProjectTemplate FindProjectTemplateSystem error","error":"context canceled"}
{"level":"ERROR","time":"2025-01-08T11:23:16.426+0800","caller":"project.service.v1/project_service.go:82","msg":"project FindProjectByMemId FindCollectProjectByMemId error","error":"context canceled"}
{"level":"ERROR","time":"2025-01-08T11:32:31.632+0800","caller":"project.service.v1/project_collect.go:33","msg":"project UpdateCollectProject SaveCollectProject error","error":"context deadline exceeded"}
{"level":"ERROR","time":"2025-01-08T11:32:50.319+0800","caller":"project.service.v1/project_collect.go:33","msg":"project UpdateCollectProject SaveCollectProject error","error":"context deadline exceeded"}
{"level":"ERROR","time":"2025-01-09T10:22:56.682+0800","caller":"login.service.v1/login_service.go:242","msg":"TokenVerify cache get MemberOrganization get error","error":"redis: nil"}
{"level":"ERROR","time":"2025-01-09T10:23:17.764+0800","caller":"project.service.v1/project_service.go:49","msg":"Index db FindMenus get error","error":"invalid connection"}
{"level":"INFO","time":"2025-01-09T10:34:31.578+0800","caller":"login.service.v1/login_service.go:59","msg":"短信平台调用成功， 发送短信 Info"}
{"level":"INFO","time":"2025-01-09T11:43:20.358+0800","caller":"interceptor/cache.go:46","msg":"/login.service.v1.LoginService/MyOrgList放入缓存"}
{"level":"INFO","time":"2025-01-09T11:43:26.427+0800","caller":"interceptor/cache.go:40","msg":"/login.service.v1.LoginService/MyOrgList走了缓存"}
{"level":"INFO","time":"2025-01-09T11:45:28.613+0800","caller":"interceptor/cache.go:41","msg":"/login.service.v1.LoginService/MyOrgList走了缓存"}
{"level":"INFO","time":"2025-01-09T11:45:39.844+0800","caller":"interceptor/cache.go:47","msg":"/login.service.v1.LoginService/FindMemberInfoById放入缓存"}
{"level":"INFO","time":"2025-01-09T11:45:45.117+0800","caller":"interceptor/cache.go:41","msg":"/login.service.v1.LoginService/FindMemberInfoById走了缓存"}
{"level":"INFO","time":"2025-01-09T11:54:12.429+0800","caller":"interceptor/cache.go:47","msg":"/login.service.v1.LoginService/MyOrgList放入缓存"}
{"level":"INFO","time":"2025-01-09T11:54:12.467+0800","caller":"interceptor/cache.go:46","msg":"/project.service.v1.ProjectService/FindProjectByMemId放入缓存"}
{"level":"INFO","time":"2025-01-09T11:54:20.328+0800","caller":"interceptor/cache.go:41","msg":"/login.service.v1.LoginService/MyOrgList走了缓存"}
{"level":"INFO","time":"2025-01-09T11:54:20.328+0800","caller":"interceptor/cache.go:40","msg":"/project.service.v1.ProjectService/FindProjectByMemId走了缓存"}
{"level":"INFO","time":"2025-01-09T14:01:40.630+0800","caller":"interceptor/cache.go:47","msg":"/login.service.v1.LoginService/MyOrgList放入缓存"}
{"level":"INFO","time":"2025-01-09T14:01:52.871+0800","caller":"interceptor/cache.go:41","msg":"/login.service.v1.LoginService/MyOrgList走了缓存"}
{"level":"INFO","time":"2025-01-09T14:01:58.564+0800","caller":"interceptor/cache.go:46","msg":"/project.service.v1.ProjectService/FindProjectByMemId放入缓存"}
{"level":"INFO","time":"2025-01-09T14:01:59.138+0800","caller":"interceptor/cache.go:46","msg":"/project.service.v1.ProjectService/FindProjectByMemId放入缓存"}
{"level":"INFO","time":"2025-01-09T14:01:59.852+0800","caller":"interceptor/cache.go:46","msg":"/project.service.v1.ProjectService/FindProjectByMemId放入缓存"}
{"level":"INFO","time":"2025-01-09T14:02:00.269+0800","caller":"interceptor/cache.go:46","msg":"/project.service.v1.ProjectService/FindProjectByMemId放入缓存"}
{"level":"INFO","time":"2025-01-09T14:02:00.725+0800","caller":"interceptor/cache.go:40","msg":"/project.service.v1.ProjectService/FindProjectByMemId走了缓存"}
{"level":"INFO","time":"2025-01-09T14:02:01.432+0800","caller":"interceptor/cache.go:40","msg":"/project.service.v1.ProjectService/FindProjectByMemId走了缓存"}
{"level":"INFO","time":"2025-01-09T14:02:02.512+0800","caller":"interceptor/cache.go:46","msg":"/project.service.v1.ProjectService/FindProjectByMemId放入缓存"}
{"level":"INFO","time":"2025-01-09T14:02:03.145+0800","caller":"interceptor/cache.go:40","msg":"/project.service.v1.ProjectService/FindProjectByMemId走了缓存"}
{"level":"INFO","time":"2025-01-09T14:02:03.996+0800","caller":"interceptor/cache.go:46","msg":"/project.service.v1.ProjectService/FindProjectByMemId放入缓存"}
{"level":"INFO","time":"2025-01-09T14:02:04.560+0800","caller":"interceptor/cache.go:46","msg":"/project.service.v1.ProjectService/FindProjectByMemId放入缓存"}
{"level":"INFO","time":"2025-01-09T15:25:06.894+0800","caller":"interceptor/cache.go:46","msg":"/project.service.v1.ProjectService/FindProjectByMemId放入缓存"}
{"level":"INFO","time":"2025-01-09T15:27:13.130+0800","caller":"interceptor/cache.go:40","msg":"/project.service.v1.ProjectService/FindProjectByMemId走了缓存"}
{"level":"INFO","time":"2025-01-09T15:27:33.103+0800","caller":"interceptor/cache.go:47","msg":"/login.service.v1.LoginService/MyOrgList放入缓存"}
{"level":"INFO","time":"2025-01-09T15:27:33.110+0800","caller":"interceptor/cache.go:40","msg":"/project.service.v1.ProjectService/FindProjectByMemId走了缓存"}
{"level":"INFO","time":"2025-01-09T15:27:34.694+0800","caller":"interceptor/cache.go:46","msg":"/project.service.v1.ProjectService/FindProjectByMemId放入缓存"}
{"level":"INFO","time":"2025-01-09T15:27:35.313+0800","caller":"interceptor/cache.go:40","msg":"/project.service.v1.ProjectService/FindProjectByMemId走了缓存"}
{"level":"INFO","time":"2025-01-09T15:27:35.752+0800","caller":"interceptor/cache.go:46","msg":"/project.service.v1.ProjectService/FindProjectByMemId放入缓存"}
{"level":"INFO","time":"2025-01-09T15:27:36.279+0800","caller":"interceptor/cache.go:46","msg":"/project.service.v1.ProjectService/FindProjectByMemId放入缓存"}
{"level":"INFO","time":"2025-01-09T15:27:36.929+0800","caller":"interceptor/cache.go:40","msg":"/project.service.v1.ProjectService/FindProjectByMemId走了缓存"}
{"level":"INFO","time":"2025-01-09T15:27:57.906+0800","caller":"interceptor/cache.go:41","msg":"/login.service.v1.LoginService/MyOrgList走了缓存"}
{"level":"INFO","time":"2025-01-09T15:27:57.906+0800","caller":"interceptor/cache.go:40","msg":"/project.service.v1.ProjectService/FindProjectByMemId走了缓存"}
{"level":"INFO","time":"2025-01-09T15:27:58.818+0800","caller":"interceptor/cache.go:41","msg":"/login.service.v1.LoginService/MyOrgList走了缓存"}
{"level":"INFO","time":"2025-01-09T15:27:58.820+0800","caller":"interceptor/cache.go:40","msg":"/project.service.v1.ProjectService/FindProjectByMemId走了缓存"}
{"level":"INFO","time":"2025-01-09T15:27:59.894+0800","caller":"interceptor/cache.go:41","msg":"/login.service.v1.LoginService/MyOrgList走了缓存"}
{"level":"INFO","time":"2025-01-09T15:27:59.894+0800","caller":"interceptor/cache.go:40","msg":"/project.service.v1.ProjectService/FindProjectByMemId走了缓存"}
{"level":"INFO","time":"2025-01-09T15:28:00.733+0800","caller":"interceptor/cache.go:41","msg":"/login.service.v1.LoginService/MyOrgList走了缓存"}
{"level":"INFO","time":"2025-01-09T15:28:00.733+0800","caller":"interceptor/cache.go:40","msg":"/project.service.v1.ProjectService/FindProjectByMemId走了缓存"}
{"level":"INFO","time":"2025-01-09T15:28:01.499+0800","caller":"interceptor/cache.go:41","msg":"/login.service.v1.LoginService/MyOrgList走了缓存"}
{"level":"INFO","time":"2025-01-09T15:28:01.499+0800","caller":"interceptor/cache.go:40","msg":"/project.service.v1.ProjectService/FindProjectByMemId走了缓存"}
{"level":"INFO","time":"2025-01-09T15:28:42.472+0800","caller":"interceptor/cache.go:41","msg":"/login.service.v1.LoginService/MyOrgList走了缓存"}
{"level":"INFO","time":"2025-01-09T15:28:42.472+0800","caller":"interceptor/cache.go:40","msg":"/project.service.v1.ProjectService/FindProjectByMemId走了缓存"}
{"level":"INFO","time":"2025-01-09T15:28:43.470+0800","caller":"interceptor/cache.go:41","msg":"/login.service.v1.LoginService/MyOrgList走了缓存"}
{"level":"INFO","time":"2025-01-09T15:28:43.470+0800","caller":"interceptor/cache.go:40","msg":"/project.service.v1.ProjectService/FindProjectByMemId走了缓存"}
{"level":"INFO","time":"2025-01-09T15:28:44.374+0800","caller":"interceptor/cache.go:41","msg":"/login.service.v1.LoginService/MyOrgList走了缓存"}
{"level":"INFO","time":"2025-01-09T15:28:44.374+0800","caller":"interceptor/cache.go:40","msg":"/project.service.v1.ProjectService/FindProjectByMemId走了缓存"}
{"level":"INFO","time":"2025-01-09T15:28:45.227+0800","caller":"interceptor/cache.go:41","msg":"/login.service.v1.LoginService/MyOrgList走了缓存"}
{"level":"INFO","time":"2025-01-09T15:28:45.228+0800","caller":"interceptor/cache.go:40","msg":"/project.service.v1.ProjectService/FindProjectByMemId走了缓存"}
{"level":"INFO","time":"2025-01-09T15:28:49.527+0800","caller":"interceptor/cache.go:41","msg":"/login.service.v1.LoginService/MyOrgList走了缓存"}
{"level":"INFO","time":"2025-01-09T15:28:49.527+0800","caller":"interceptor/cache.go:40","msg":"/project.service.v1.ProjectService/FindProjectByMemId走了缓存"}
{"level":"INFO","time":"2025-01-09T15:29:08.674+0800","caller":"interceptor/cache.go:41","msg":"/login.service.v1.LoginService/MyOrgList走了缓存"}
{"level":"INFO","time":"2025-01-09T15:29:08.695+0800","caller":"interceptor/cache.go:46","msg":"/project.service.v1.ProjectService/FindProjectByMemId放入缓存"}
{"level":"INFO","time":"2025-01-09T15:29:13.009+0800","caller":"interceptor/cache.go:40","msg":"/project.service.v1.ProjectService/FindProjectByMemId走了缓存"}
{"level":"INFO","time":"2025-01-09T15:29:19.472+0800","caller":"interceptor/cache.go:46","msg":"/project.service.v1.ProjectService/FindProjectByMemId放入缓存"}
{"level":"INFO","time":"2025-01-09T15:29:20.162+0800","caller":"interceptor/cache.go:40","msg":"/project.service.v1.ProjectService/FindProjectByMemId走了缓存"}
{"level":"INFO","time":"2025-01-09T15:29:21.623+0800","caller":"interceptor/cache.go:40","msg":"/project.service.v1.ProjectService/FindProjectByMemId走了缓存"}
{"level":"INFO","time":"2025-01-09T15:29:22.087+0800","caller":"interceptor/cache.go:40","msg":"/project.service.v1.ProjectService/FindProjectByMemId走了缓存"}
{"level":"INFO","time":"2025-01-09T15:29:23.707+0800","caller":"interceptor/cache.go:40","msg":"/project.service.v1.ProjectService/FindProjectByMemId走了缓存"}
{"level":"INFO","time":"2025-01-09T15:29:27.741+0800","caller":"interceptor/cache.go:47","msg":"/login.service.v1.LoginService/FindMemberInfoById放入缓存"}
{"level":"INFO","time":"2025-01-09T15:29:34.542+0800","caller":"interceptor/cache.go:41","msg":"/login.service.v1.LoginService/MyOrgList走了缓存"}
{"level":"INFO","time":"2025-01-09T15:29:34.542+0800","caller":"interceptor/cache.go:40","msg":"/project.service.v1.ProjectService/FindProjectByMemId走了缓存"}
{"level":"INFO","time":"2025-01-09T15:29:49.612+0800","caller":"interceptor/cache.go:40","msg":"/project.service.v1.ProjectService/FindProjectByMemId走了缓存"}
{"level":"INFO","time":"2025-01-09T15:29:51.590+0800","caller":"interceptor/cache.go:41","msg":"/login.service.v1.LoginService/MyOrgList走了缓存"}
{"level":"INFO","time":"2025-01-09T15:29:51.590+0800","caller":"interceptor/cache.go:40","msg":"/project.service.v1.ProjectService/FindProjectByMemId走了缓存"}
{"level":"INFO","time":"2025-01-09T15:29:52.942+0800","caller":"interceptor/cache.go:40","msg":"/project.service.v1.ProjectService/FindProjectByMemId走了缓存"}
{"level":"INFO","time":"2025-01-09T15:29:54.010+0800","caller":"interceptor/cache.go:40","msg":"/project.service.v1.ProjectService/FindProjectByMemId走了缓存"}
{"level":"INFO","time":"2025-01-09T15:29:58.724+0800","caller":"interceptor/cache.go:40","msg":"/project.service.v1.ProjectService/FindProjectByMemId走了缓存"}
{"level":"INFO","time":"2025-01-09T15:30:00.288+0800","caller":"interceptor/cache.go:40","msg":"/project.service.v1.ProjectService/FindProjectByMemId走了缓存"}
{"level":"INFO","time":"2025-01-09T15:30:58.522+0800","caller":"interceptor/cache.go:46","msg":"/project.service.v1.ProjectService/FindProjectByMemId放入缓存"}
{"level":"INFO","time":"2025-01-09T15:31:13.013+0800","caller":"interceptor/cache.go:40","msg":"/project.service.v1.ProjectService/FindProjectByMemId走了缓存"}
