{"level":"ERROR","time":"2024-12-19T13:26:39.812+0800","caller":"user/user.go:45","msg":"短信平台调用成功， 发送短信 error"}
{"level":"ERROR","time":"2024-12-19T22:39:29.775+0800","caller":"discovery/discovery.go:114","msg":"register failed","error":"context deadline exceeded"}
{"level":"ERROR","time":"2024-12-23T10:06:20.274+0800","caller":"discovery/resolver.go:106","msg":"sync failed","error":"context deadline exceeded"}
{"level":"ERROR","time":"2024-12-23T13:11:42.856+0800","caller":"discovery/discovery.go:114","msg":"register failed","error":"context deadline exceeded"}
{"level":"ERROR","time":"2024-12-23T13:11:45.858+0800","caller":"discovery/discovery.go:114","msg":"register failed","error":"context deadline exceeded"}
{"level":"ERROR","time":"2024-12-23T13:11:48.858+0800","caller":"discovery/discovery.go:114","msg":"register failed","error":"context deadline exceeded"}
{"level":"ERROR","time":"2024-12-23T13:11:51.859+0800","caller":"discovery/discovery.go:114","msg":"register failed","error":"context deadline exceeded"}
{"level":"ERROR","time":"2024-12-23T14:19:57.627+0800","caller":"discovery/discovery.go:114","msg":"register failed","error":"context deadline exceeded"}
{"level":"ERROR","time":"2024-12-23T14:20:00.630+0800","caller":"discovery/discovery.go:114","msg":"register failed","error":"context deadline exceeded"}
{"level":"ERROR","time":"2024-12-23T14:20:03.630+0800","caller":"discovery/discovery.go:114","msg":"register failed","error":"context deadline exceeded"}
{"level":"ERROR","time":"2024-12-23T14:20:06.631+0800","caller":"discovery/discovery.go:114","msg":"register failed","error":"context deadline exceeded"}
{"level":"ERROR","time":"2024-12-23T14:20:09.631+0800","caller":"discovery/discovery.go:114","msg":"register failed","error":"context deadline exceeded"}
{"level":"ERROR","time":"2024-12-23T14:20:12.631+0800","caller":"discovery/discovery.go:114","msg":"register failed","error":"context deadline exceeded"}
{"level":"ERROR","time":"2024-12-23T14:20:15.632+0800","caller":"discovery/discovery.go:114","msg":"register failed","error":"context deadline exceeded"}
{"level":"ERROR","time":"2024-12-23T14:20:18.633+0800","caller":"discovery/discovery.go:114","msg":"register failed","error":"context deadline exceeded"}
{"level":"ERROR","time":"2024-12-23T14:20:21.633+0800","caller":"discovery/discovery.go:114","msg":"register failed","error":"context deadline exceeded"}
{"level":"ERROR","time":"2024-12-23T14:20:24.634+0800","caller":"discovery/discovery.go:114","msg":"register failed","error":"context deadline exceeded"}
{"level":"ERROR","time":"2024-12-24T09:23:13.042+0800","caller":"discovery/resolver.go:146","msg":"sync failed","error":"context deadline exceeded"}
{"level":"ERROR","time":"2024-12-24T11:17:18.230+0800","caller":"discovery/resolver.go:146","msg":"sync failed","error":"context deadline exceeded"}
{"level":"ERROR","time":"2024-12-24T11:24:53.331+0800","caller":"login.service.v1/login_service.go:65","msg":"Register redis get error","error":"redis: nil"}
{"level":"ERROR","time":"2024-12-24T11:25:12.504+0800","caller":"login.service.v1/login_service.go:65","msg":"Register redis get error","error":"redis: nil"}
{"level":"ERROR","time":"2024-12-24T11:26:20.317+0800","caller":"login.service.v1/login_service.go:65","msg":"Register redis get error","error":"redis: nil"}
{"level":"ERROR","time":"2024-12-24T11:26:42.117+0800","caller":"login.service.v1/login_service.go:65","msg":"Register redis get error","error":"redis: nil"}
{"level":"ERROR","time":"2024-12-24T11:27:58.044+0800","caller":"discovery/discovery.go:114","msg":"register failed","error":"context deadline exceeded"}
{"level":"ERROR","time":"2024-12-24T11:30:35.774+0800","caller":"login.service.v1/login_service.go:65","msg":"Register redis get error","error":"redis: nil"}
{"level":"ERROR","time":"2024-12-24T11:30:35.774+0800","caller":"discovery/discovery.go:114","msg":"register failed","error":"context deadline exceeded"}
{"level":"ERROR","time":"2024-12-24T11:34:26.195+0800","caller":"login.service.v1/login_service.go:65","msg":"Register redis get error","error":"redis: nil"}
{"level":"ERROR","time":"2024-12-24T11:35:26.534+0800","caller":"login.service.v1/login_service.go:65","msg":"Register redis get error","error":"redis: nil"}
{"level":"ERROR","time":"2024-12-24T11:35:26.542+0800","caller":"discovery/discovery.go:114","msg":"register failed","error":"etcdserver: requested lease not found"}
{"level":"ERROR","time":"2024-12-24T11:35:33.813+0800","caller":"login.service.v1/login_service.go:65","msg":"Register redis get error","error":"redis: nil"}
{"level":"ERROR","time":"2024-12-24T12:08:46.085+0800","caller":"login.service.v1/login_service.go:115","msg":"Register db SaveMember get error","error":"Error 1054 (42S22): Unknown column 'real_name' in 'field list'"}
{"level":"ERROR","time":"2024-12-24T12:24:33.535+0800","caller":"login.service.v1/login_service.go:115","msg":"Register db SaveMember get error","error":"Error 1054 (42S22): Unknown column 'real_name' in 'field list'"}
{"level":"ERROR","time":"2024-12-24T12:24:33.546+0800","caller":"discovery/discovery.go:114","msg":"register failed","error":"etcdserver: requested lease not found"}
{"level":"ERROR","time":"2024-12-24T12:25:07.067+0800","caller":"login.service.v1/login_service.go:70","msg":"Register redis get error","error":"redis: nil"}
{"level":"ERROR","time":"2024-12-24T12:25:54.640+0800","caller":"login.service.v1/login_service.go:115","msg":"Register db SaveMember get error","error":"Error 1054 (42S22): Unknown column 'real_name' in 'field list'"}
{"level":"ERROR","time":"2024-12-24T12:25:57.672+0800","caller":"login.service.v1/login_service.go:115","msg":"Register db SaveMember get error","error":"Error 1054 (42S22): Unknown column 'real_name' in 'field list'"}
{"level":"ERROR","time":"2024-12-25T16:38:10.076+0800","caller":"login.service.v1/login_service.go:138","msg":"Register db SaveOrganization get error","error":"Error 1406 (22001): Data too long for column 'avatar' at row 1"}
{"level":"ERROR","time":"2024-12-25T16:40:14.140+0800","caller":"login.service.v1/login_service.go:125","msg":"Register db SaveMember get error","error":"sql: transaction has already been committed or rolled back"}
{"level":"ERROR","time":"2024-12-25T16:45:24.429+0800","caller":"login.service.v1/login_service.go:138","msg":"Register db SaveOrganization get error","error":"Error 1406 (22001): Data too long for column 'avatar' at row 1"}
{"level":"ERROR","time":"2024-12-25T16:45:43.765+0800","caller":"login.service.v1/login_service.go:138","msg":"Register db SaveOrganization get error","error":"Error 1406 (22001): Data too long for column 'avatar' at row 1"}
{"level":"ERROR","time":"2024-12-25T16:46:12.541+0800","caller":"login.service.v1/login_service.go:138","msg":"Register db SaveOrganization get error","error":"Error 1406 (22001): Data too long for column 'avatar' at row 1"}
{"level":"ERROR","time":"2024-12-25T16:51:48.268+0800","caller":"login.service.v1/login_service.go:88","msg":"Register db get error","error":"sql: transaction has already been committed or rolled back"}
{"level":"ERROR","time":"2024-12-25T16:52:23.729+0800","caller":"login.service.v1/login_service.go:88","msg":"Register db get error","error":"sql: transaction has already been committed or rolled back"}
{"level":"ERROR","time":"2024-12-26T15:21:03.405+0800","caller":"discovery/discovery.go:114","msg":"register failed","error":"context deadline exceeded"}
{"level":"ERROR","time":"2024-12-29T20:40:54.050+0800","caller":"discovery/discovery.go:114","msg":"register failed","error":"context deadline exceeded"}
{"level":"ERROR","time":"2024-12-31T12:17:31.656+0800","caller":"login.service.v1/login_service.go:157","msg":"Login db FindMember get error","error":"invalid connection"}
{"level":"ERROR","time":"2024-12-31T20:44:24.122+0800","caller":"login.service.v1/login_service.go:200","msg":"Login TokenVerify get error","error":"token is malformed: token contains an invalid number of segments"}
{"level":"ERROR","time":"2024-12-31T20:45:44.043+0800","caller":"login.service.v1/login_service.go:200","msg":"Login TokenVerify get error","error":"token is malformed: could not base64 decode header: illegal base64 data at input byte 6"}
{"level":"ERROR","time":"2024-12-31T20:46:08.593+0800","caller":"login.service.v1/login_service.go:200","msg":"Login TokenVerify get error","error":"token is malformed: token contains an invalid number of segments"}
{"level":"ERROR","time":"2024-12-31T20:47:44.033+0800","caller":"login.service.v1/login_service.go:200","msg":"Login TokenVerify get error","error":"token is malformed: token contains an invalid number of segments"}
{"level":"ERROR","time":"2024-12-31T20:48:55.469+0800","caller":"login.service.v1/login_service.go:200","msg":"Login TokenVerify get error","error":"token is malformed: token contains an invalid number of segments"}
{"level":"ERROR","time":"2024-12-31T20:49:06.887+0800","caller":"login.service.v1/login_service.go:200","msg":"Login TokenVerify get error","error":"token is malformed: token contains an invalid number of segments"}
{"level":"ERROR","time":"2024-12-31T20:49:37.627+0800","caller":"login.service.v1/login_service.go:200","msg":"Login TokenVerify get error","error":"token is malformed: could not base64 decode header: illegal base64 data at input byte 6"}
{"level":"ERROR","time":"2024-12-31T20:49:49.671+0800","caller":"login.service.v1/login_service.go:200","msg":"Login TokenVerify get error","error":"token is malformed: token contains an invalid number of segments"}
{"level":"ERROR","time":"2024-12-31T20:50:53.314+0800","caller":"login.service.v1/login_service.go:200","msg":"Login TokenVerify get error","error":"token is malformed: could not base64 decode header: illegal base64 data at input byte 6"}
{"level":"ERROR","time":"2024-12-31T20:51:09.004+0800","caller":"login.service.v1/login_service.go:200","msg":"Login TokenVerify get error","error":"token is malformed: could not base64 decode header: illegal base64 data at input byte 6"}
{"level":"ERROR","time":"2024-12-31T20:53:40.742+0800","caller":"login.service.v1/login_service.go:200","msg":"Login TokenVerify get error","error":"token is malformed: could not base64 decode header: illegal base64 data at input byte 6"}
{"level":"ERROR","time":"2024-12-31T20:53:42.491+0800","caller":"login.service.v1/login_service.go:200","msg":"Login TokenVerify get error","error":"token is malformed: could not base64 decode header: illegal base64 data at input byte 6"}
{"level":"ERROR","time":"2025-01-03T19:03:36.998+0800","caller":"project.service.v1/project_service.go:52","msg":"project FindProjectByMemId error","error":"Error 1054 (42S22): Unknown column 'member_code' in 'where clause'"}
{"level":"ERROR","time":"2025-01-03T19:09:30.978+0800","caller":"project.service.v1/project_service.go:52","msg":"project FindProjectByMemId error","error":"Error 1054 (42S22): Unknown column 'member_code' in 'where clause'"}
{"level":"ERROR","time":"2025-01-03T19:09:36.641+0800","caller":"project.service.v1/project_service.go:52","msg":"project FindProjectByMemId error","error":"Error 1054 (42S22): Unknown column 'member_code' in 'where clause'"}
{"level":"ERROR","time":"2025-01-03T19:12:19.474+0800","caller":"project.service.v1/project_service.go:52","msg":"project FindProjectByMemId error","error":"Error 1054 (42S22): Unknown column 'member_code' in 'where clause'"}
{"level":"ERROR","time":"2025-01-03T19:15:59.671+0800","caller":"project.service.v1/project_service.go:52","msg":"project FindProjectByMemId error","error":"Error 1054 (42S22): Unknown column 'member_code' in 'where clause'"}
{"level":"ERROR","time":"2025-01-05T10:47:26.671+0800","caller":"project.service.v1/project_service.go:68","msg":"project FindProjectByMemId error","error":"Error 1146 (42S02): Table 'msproject.ms_project_collection' doesn't exist"}
{"level":"ERROR","time":"2025-01-05T10:47:27.990+0800","caller":"project.service.v1/project_service.go:68","msg":"project FindProjectByMemId error","error":"Error 1054 (42S22): Unknown column 'archive' in 'where clause'"}
{"level":"ERROR","time":"2025-01-05T10:47:28.929+0800","caller":"project.service.v1/project_service.go:68","msg":"project FindProjectByMemId error","error":"Error 1054 (42S22): Unknown column 'deleted' in 'where clause'"}
{"level":"ERROR","time":"2025-01-05T10:49:24.214+0800","caller":"project.service.v1/project_service.go:68","msg":"project FindProjectByMemId error","error":"Error 1054 (42S22): Unknown column 'archive' in 'where clause'"}
{"level":"ERROR","time":"2025-01-05T10:49:24.973+0800","caller":"project.service.v1/project_service.go:68","msg":"project FindProjectByMemId error","error":"Error 1054 (42S22): Unknown column 'deleted' in 'where clause'"}
{"level":"ERROR","time":"2025-01-05T10:49:25.324+0800","caller":"project.service.v1/project_service.go:68","msg":"project FindProjectByMemId error","error":"Error 1054 (42S22): Unknown column 'archive' in 'where clause'"}
{"level":"ERROR","time":"2025-01-05T12:42:46.898+0800","caller":"project.service.v1/project_service.go:114","msg":"project FindProjectTemplate FindProjectTemplateSystem error","error":"unsupported data type: 0xc0002d2c90: Table not set, please set it like: db.Model(&user) or db.Table(\"users\")"}
{"level":"ERROR","time":"2025-01-05T13:07:22.949+0800","caller":"project.service.v1/project_service.go:120","msg":"project FindProjectTemplate FindInProTemIds error","error":"context canceled"}
{"level":"ERROR","time":"2025-01-05T13:09:22.400+0800","caller":"discovery/discovery.go:114","msg":"register failed","error":"context deadline exceeded"}
{"level":"ERROR","time":"2025-01-05T13:10:11.896+0800","caller":"discovery/discovery.go:114","msg":"register failed","error":"etcdserver: requested lease not found"}
{"level":"ERROR","time":"2025-01-05T13:10:21.948+0800","caller":"discovery/discovery.go:114","msg":"register failed","error":"context deadline exceeded"}
{"level":"ERROR","time":"2025-01-05T13:10:38.431+0800","caller":"discovery/discovery.go:114","msg":"register failed","error":"etcdserver: requested lease not found"}
{"level":"ERROR","time":"2025-01-05T13:11:27.903+0800","caller":"project.service.v1/project_service.go:120","msg":"project FindProjectTemplate FindInProTemIds error","error":"context canceled"}
{"level":"ERROR","time":"2025-01-05T21:01:17.846+0800","caller":"discovery/discovery.go:114","msg":"register failed","error":"context deadline exceeded"}
{"level":"ERROR","time":"2025-01-05T21:03:09.446+0800","caller":"project.service.v1/project_service.go:202","msg":"project SaveProject FindProjectByPIdAndMemId error","error":"context deadline exceeded"}
{"level":"ERROR","time":"2025-01-05T21:03:57.395+0800","caller":"discovery/discovery.go:114","msg":"register failed","error":"context deadline exceeded"}
{"level":"ERROR","time":"2025-01-05T21:03:57.394+0800","caller":"project.service.v1/project_service.go:204","msg":"project SaveProject FindProjectByPIdAndMemId error","error":"context canceled"}
{"level":"ERROR","time":"2025-01-05T21:09:19.403+0800","caller":"discovery/discovery.go:114","msg":"register failed","error":"context deadline exceeded"}
{"level":"ERROR","time":"2025-01-05T21:09:19.403+0800","caller":"project.service.v1/project_service.go:212","msg":"project SaveProject FindCollectByPidAndMemId error","error":"context canceled"}
{"level":"ERROR","time":"2025-01-05T21:09:31.555+0800","caller":"project.service.v1/project_service.go:212","msg":"project SaveProject FindCollectByPidAndMemId error","error":"sql: expected 2 arguments, got 3"}
{"level":"ERROR","time":"2025-01-05T21:09:39.461+0800","caller":"discovery/discovery.go:114","msg":"register failed","error":"etcdserver: requested lease not found"}
{"level":"ERROR","time":"2025-01-05T21:10:27.224+0800","caller":"project.service.v1/project_service.go:212","msg":"project SaveProject FindCollectByPidAndMemId error","error":"sql: expected 2 arguments, got 3"}
{"level":"ERROR","time":"2025-01-05T21:11:04.188+0800","caller":"discovery/discovery.go:114","msg":"register failed","error":"context deadline exceeded"}
{"level":"ERROR","time":"2025-01-05T21:11:56.271+0800","caller":"discovery/discovery.go:114","msg":"register failed","error":"context deadline exceeded"}
{"level":"ERROR","time":"2025-01-06T08:56:25.338+0800","caller":"login.service.v1/login_service.go:222","msg":"TokenVerify db FindMemberById get error","error":"invalid connection"}
{"level":"ERROR","time":"2025-01-06T08:56:25.338+0800","caller":"login.service.v1/login_service.go:222","msg":"TokenVerify db FindMemberById get error","error":"invalid connection"}
{"level":"ERROR","time":"2025-01-06T08:56:28.355+0800","caller":"project.service.v1/project_service.go:77","msg":"project FindProjectByMemId error","error":"invalid connection"}
{"level":"ERROR","time":"2025-01-06T19:55:20.908+0800","caller":"project.service.v1/project_service.go:205","msg":"project FindProjectDetail FindProjectByPIdAndMemId error","error":"context canceled"}
{"level":"ERROR","time":"2025-01-06T19:55:20.909+0800","caller":"discovery/discovery.go:114","msg":"register failed","error":"context deadline exceeded"}
{"level":"ERROR","time":"2025-01-06T19:55:55.964+0800","caller":"project.service.v1/project_service.go:205","msg":"project FindProjectDetail FindProjectByPIdAndMemId error","error":"context canceled"}
{"level":"ERROR","time":"2025-01-06T20:06:51.661+0800","caller":"project.service.v1/project_service.go:213","msg":"project rpc FindProjectDetail FindMemberInfoById error","error":"rpc error: code = DeadlineExceeded desc = context deadline exceeded"}
{"level":"ERROR","time":"2025-01-06T22:51:50.466+0800","caller":"discovery/discovery.go:114","msg":"register failed","error":"context deadline exceeded"}
{"level":"ERROR","time":"2025-01-06T22:51:50.466+0800","caller":"project.service.v1/project_collect.go:30","msg":"project UpdateCollectProject SaveCollectProject error","error":"context deadline exceeded"}
{"level":"ERROR","time":"2025-01-06T22:52:05.946+0800","caller":"project.service.v1/project_collect.go:30","msg":"project UpdateCollectProject SaveCollectProject error","error":"context canceled"}
{"level":"ERROR","time":"2025-01-07T09:53:40.821+0800","caller":"project.service.v1/project_service.go:190","msg":"project SaveProject SaveProjectMember error","error":"context deadline exceeded"}
{"level":"ERROR","time":"2025-01-07T09:53:40.822+0800","caller":"discovery/resolver.go:146","msg":"sync failed","error":"context deadline exceeded"}
{"level":"ERROR","time":"2025-01-07T09:53:40.822+0800","caller":"discovery/discovery.go:114","msg":"register failed","error":"context deadline exceeded"}
{"level":"ERROR","time":"2025-01-07T09:54:24.896+0800","caller":"project.service.v1/project_service.go:190","msg":"project SaveProject SaveProjectMember error","error":"context canceled"}
{"level":"ERROR","time":"2025-01-07T11:10:26.368+0800","caller":"discovery/resolver.go:146","msg":"sync failed","error":"context deadline exceeded"}
{"level":"ERROR","time":"2025-01-08T09:27:34.905+0800","caller":"login.service.v1/login_service.go:222","msg":"TokenVerify db FindMemberById get error","error":"invalid connection"}
{"level":"ERROR","time":"2025-01-08T09:27:45.543+0800","caller":"login.service.v1/login_service.go:222","msg":"TokenVerify db FindMemberById get error","error":"invalid connection"}
{"level":"ERROR","time":"2025-01-08T09:27:45.587+0800","caller":"project.service.v1/project_service.go:136","msg":"project FindProjectTemplate FindProjectTemplateSystem error","error":"invalid connection"}
{"level":"ERROR","time":"2025-01-08T09:48:13.637+0800","caller":"discovery/discovery.go:114","msg":"register failed","error":"context deadline exceeded"}
{"level":"ERROR","time":"2025-01-08T09:48:14.484+0800","caller":"project.service.v1/project_collect.go:33","msg":"project UpdateCollectProject SaveCollectProject error","error":"context deadline exceeded"}
{"level":"ERROR","time":"2025-01-08T09:48:42.828+0800","caller":"discovery/discovery.go:114","msg":"register failed","error":"context deadline exceeded"}
{"level":"ERROR","time":"2025-01-08T09:51:12.270+0800","caller":"project.service.v1/project_collect.go:33","msg":"project UpdateCollectProject SaveCollectProject error","error":"context deadline exceeded"}
{"level":"ERROR","time":"2025-01-08T09:51:12.281+0800","caller":"discovery/discovery.go:114","msg":"register failed","error":"etcdserver: requested lease not found"}
{"level":"ERROR","time":"2025-01-08T09:51:26.592+0800","caller":"project.service.v1/project_collect.go:33","msg":"project UpdateCollectProject SaveCollectProject error","error":"context deadline exceeded"}
{"level":"ERROR","time":"2025-01-08T10:13:34.817+0800","caller":"project.service.v1/project_collect.go:33","msg":"project UpdateCollectProject SaveCollectProject error","error":"context deadline exceeded"}
{"level":"ERROR","time":"2025-01-08T11:23:16.426+0800","caller":"project.service.v1/project_service.go:137","msg":"project FindProjectTemplate FindProjectTemplateSystem error","error":"context canceled"}
{"level":"ERROR","time":"2025-01-08T11:23:16.426+0800","caller":"project.service.v1/project_service.go:82","msg":"project FindProjectByMemId FindCollectProjectByMemId error","error":"context canceled"}
{"level":"ERROR","time":"2025-01-08T11:32:31.632+0800","caller":"project.service.v1/project_collect.go:33","msg":"project UpdateCollectProject SaveCollectProject error","error":"context deadline exceeded"}
{"level":"ERROR","time":"2025-01-08T11:32:50.319+0800","caller":"project.service.v1/project_collect.go:33","msg":"project UpdateCollectProject SaveCollectProject error","error":"context deadline exceeded"}
{"level":"ERROR","time":"2025-01-09T10:22:56.682+0800","caller":"login.service.v1/login_service.go:242","msg":"TokenVerify cache get MemberOrganization get error","error":"redis: nil"}
{"level":"ERROR","time":"2025-01-09T10:23:17.764+0800","caller":"project.service.v1/project_service.go:49","msg":"Index db FindMenus get error","error":"invalid connection"}
{"level":"ERROR","time":"2025-01-09T19:30:56.698+0800","caller":"task.service.v1/task_service.go:380","msg":"project task MyTaskList taskRepo.FindTaskByAssignTo error","error":"Error 1146 (42S02): Table 'msproject.ms_task' doesn't exist"}
{"level":"ERROR","time":"2025-01-09T19:32:28.017+0800","caller":"task.service.v1/task_service.go:380","msg":"project task MyTaskList taskRepo.FindTaskByAssignTo error","error":"Error 1146 (42S02): Table 'msproject.ms_task' doesn't exist"}
{"level":"ERROR","time":"2025-01-09T19:54:18.477+0800","caller":"login.service.v1/login_service.go:130","msg":"Register db SaveMember error","error":"Error 1054 (42S22): Unknown column 'realname' in 'field list'"}
{"level":"ERROR","time":"2025-01-10T09:18:00.670+0800","caller":"login.service.v1/login_service.go:220","msg":"Login  TokenVerify error","error":"ip不合法"}
{"level":"ERROR","time":"2025-01-10T09:18:00.670+0800","caller":"login.service.v1/login_service.go:220","msg":"Login  TokenVerify error","error":"ip不合法"}
{"level":"ERROR","time":"2025-01-10T09:18:00.670+0800","caller":"login.service.v1/login_service.go:220","msg":"Login  TokenVerify error","error":"ip不合法"}
{"level":"ERROR","time":"2025-01-10T09:18:21.594+0800","caller":"login.service.v1/login_service.go:220","msg":"Login  TokenVerify error","error":"ip不合法"}
{"level":"ERROR","time":"2025-01-10T09:18:29.105+0800","caller":"login.service.v1/login_service.go:220","msg":"Login  TokenVerify error","error":"ip不合法"}
{"level":"ERROR","time":"2025-01-10T09:23:07.189+0800","caller":"discovery/resolver.go:146","msg":"sync failed","error":"context deadline exceeded"}
{"level":"ERROR","time":"2025-01-10T09:23:07.190+0800","caller":"discovery/resolver.go:146","msg":"sync failed","error":"context deadline exceeded"}
{"level":"ERROR","time":"2025-01-10T09:24:08.438+0800","caller":"login.service.v1/login_service.go:220","msg":"Login  TokenVerify error","error":"ip不合法"}
{"level":"ERROR","time":"2025-01-10T09:26:52.176+0800","caller":"login.service.v1/login_service.go:220","msg":"Login  TokenVerify error","error":"ip不合法"}
{"level":"ERROR","time":"2025-01-10T18:44:08.417+0800","caller":"discovery/resolver.go:146","msg":"sync failed","error":"context deadline exceeded"}
{"level":"ERROR","time":"2025-01-10T18:44:08.419+0800","caller":"discovery/resolver.go:146","msg":"sync failed","error":"context deadline exceeded"}
{"level":"ERROR","time":"2025-01-10T18:48:33.276+0800","caller":"task.service.v1/task_service.go:419","msg":"project task MyTaskList taskRepo.FindTaskByAssignTo error","error":"context canceled"}
{"level":"ERROR","time":"2025-01-10T18:48:33.276+0800","caller":"project.service.v1/project_service.go:87","msg":"project FindProjectByMemId::FindCollectProjectByMemId error","error":"context canceled"}
{"level":"ERROR","time":"2025-01-10T20:27:31.443+0800","caller":"task.service.v1/task_service.go:695","msg":"project task SaveTaskFile fileRepo.Save error","error":"Error 1406 (22001): Data too long for column 'title' at row 1"}
{"level":"ERROR","time":"2025-01-11T09:28:52.997+0800","caller":"task.service.v1/task_service.go:132","msg":"project task TaskList FindTaskByStageCode error","error":"invalid connection"}
{"level":"ERROR","time":"2025-01-11T09:29:03.033+0800","caller":"login.service.v1/login_service.go:159","msg":"Login db FindMember error","error":"invalid connection"}
{"level":"ERROR","time":"2025-01-11T10:26:33.094+0800","caller":"login.service.v1/login_service.go:220","msg":"Login  TokenVerify error","error":"token contains an invalid number of segments"}
{"level":"ERROR","time":"2025-01-11T10:26:38.562+0800","caller":"login.service.v1/login_service.go:220","msg":"Login  TokenVerify error","error":"token contains an invalid number of segments"}
{"level":"ERROR","time":"2025-01-11T10:27:12.299+0800","caller":"login.service.v1/login_service.go:220","msg":"Login  TokenVerify error","error":"token contains an invalid number of segments"}
{"level":"ERROR","time":"2025-01-11T10:27:36.067+0800","caller":"login.service.v1/login_service.go:220","msg":"Login  TokenVerify error","error":"token contains an invalid number of segments"}
{"level":"ERROR","time":"2025-01-11T20:19:14.303+0800","caller":"login.service.v1/login_service.go:299","msg":"FindMemInfoByIds db memberRepo.FindMemberByIds error","error":"invalid connection"}
{"level":"ERROR","time":"2025-01-11T21:05:53.325+0800","caller":"discovery/resolver.go:146","msg":"sync failed","error":"context deadline exceeded"}
{"level":"ERROR","time":"2025-01-11T21:09:11.186+0800","caller":"discovery/discovery.go:114","msg":"register failed","error":"context deadline exceeded"}
{"level":"ERROR","time":"2025-01-12T17:22:12.553+0800","caller":"discovery/discovery.go:114","msg":"register failed","error":"etcdserver: requested lease not found"}
{"level":"ERROR","time":"2025-01-13T08:57:45.321+0800","caller":"login.service.v1/login_service.go:264","msg":"MyOrgList FindOrganizationByMemId err","error":"invalid connection"}
{"level":"ERROR","time":"2025-01-13T09:17:18.273+0800","caller":"discovery/discovery.go:114","msg":"register failed","error":"context deadline exceeded"}
{"level":"ERROR","time":"2025-01-13T09:17:18.730+0800","caller":"discovery/discovery.go:114","msg":"register failed","error":"context deadline exceeded"}
{"level":"ERROR","time":"2025-01-13T09:17:21.275+0800","caller":"discovery/discovery.go:114","msg":"register failed","error":"context deadline exceeded"}
{"level":"ERROR","time":"2025-01-13T09:17:21.733+0800","caller":"discovery/discovery.go:114","msg":"register failed","error":"context deadline exceeded"}
{"level":"ERROR","time":"2025-01-13T09:17:24.275+0800","caller":"discovery/discovery.go:114","msg":"register failed","error":"context deadline exceeded"}
{"level":"ERROR","time":"2025-01-13T09:17:24.734+0800","caller":"discovery/discovery.go:114","msg":"register failed","error":"context deadline exceeded"}
{"level":"ERROR","time":"2025-01-13T09:17:27.276+0800","caller":"discovery/discovery.go:114","msg":"register failed","error":"context deadline exceeded"}
{"level":"ERROR","time":"2025-01-13T09:17:27.735+0800","caller":"discovery/discovery.go:114","msg":"register failed","error":"context deadline exceeded"}
{"level":"ERROR","time":"2025-01-13T09:17:30.277+0800","caller":"discovery/discovery.go:114","msg":"register failed","error":"context deadline exceeded"}
{"level":"ERROR","time":"2025-01-13T09:17:30.735+0800","caller":"discovery/discovery.go:114","msg":"register failed","error":"context deadline exceeded"}
{"level":"ERROR","time":"2025-01-13T09:17:33.277+0800","caller":"discovery/discovery.go:114","msg":"register failed","error":"context deadline exceeded"}
{"level":"ERROR","time":"2025-01-13T09:17:33.735+0800","caller":"discovery/discovery.go:114","msg":"register failed","error":"context deadline exceeded"}
{"level":"ERROR","time":"2025-01-13T09:17:36.278+0800","caller":"discovery/discovery.go:114","msg":"register failed","error":"context deadline exceeded"}
{"level":"ERROR","time":"2025-01-13T09:17:36.736+0800","caller":"discovery/discovery.go:114","msg":"register failed","error":"context deadline exceeded"}
{"level":"ERROR","time":"2025-01-13T09:17:39.278+0800","caller":"discovery/discovery.go:114","msg":"register failed","error":"context deadline exceeded"}
{"level":"ERROR","time":"2025-01-13T09:17:39.736+0800","caller":"discovery/discovery.go:114","msg":"register failed","error":"context deadline exceeded"}
{"level":"ERROR","time":"2025-01-13T09:17:42.279+0800","caller":"discovery/discovery.go:114","msg":"register failed","error":"context deadline exceeded"}
{"level":"ERROR","time":"2025-01-13T09:17:42.288+0800","caller":"discovery/resolver.go:146","msg":"sync failed","error":"context deadline exceeded"}
{"level":"ERROR","time":"2025-01-13T09:17:42.737+0800","caller":"discovery/discovery.go:114","msg":"register failed","error":"context deadline exceeded"}
{"level":"ERROR","time":"2025-01-13T09:17:45.279+0800","caller":"discovery/discovery.go:114","msg":"register failed","error":"context deadline exceeded"}
{"level":"ERROR","time":"2025-01-13T09:17:45.738+0800","caller":"discovery/discovery.go:114","msg":"register failed","error":"context deadline exceeded"}
{"level":"ERROR","time":"2025-01-13T09:17:48.279+0800","caller":"discovery/discovery.go:114","msg":"register failed","error":"context deadline exceeded"}
{"level":"ERROR","time":"2025-01-13T09:17:48.738+0800","caller":"discovery/discovery.go:114","msg":"register failed","error":"context deadline exceeded"}
{"level":"ERROR","time":"2025-01-13T09:17:51.025+0800","caller":"discovery/resolver.go:146","msg":"sync failed","error":"context deadline exceeded"}
{"level":"ERROR","time":"2025-01-13T09:17:51.028+0800","caller":"discovery/resolver.go:146","msg":"sync failed","error":"context deadline exceeded"}
{"level":"ERROR","time":"2025-01-13T09:17:51.280+0800","caller":"discovery/discovery.go:114","msg":"register failed","error":"context deadline exceeded"}
{"level":"ERROR","time":"2025-01-13T09:17:51.738+0800","caller":"discovery/discovery.go:114","msg":"register failed","error":"context deadline exceeded"}
{"level":"ERROR","time":"2025-01-13T09:17:54.280+0800","caller":"discovery/discovery.go:114","msg":"register failed","error":"context deadline exceeded"}
{"level":"ERROR","time":"2025-01-13T09:17:54.739+0800","caller":"discovery/discovery.go:114","msg":"register failed","error":"context deadline exceeded"}
{"level":"ERROR","time":"2025-01-13T09:17:57.281+0800","caller":"discovery/discovery.go:114","msg":"register failed","error":"context deadline exceeded"}
{"level":"ERROR","time":"2025-01-13T09:17:57.739+0800","caller":"discovery/discovery.go:114","msg":"register failed","error":"context deadline exceeded"}
{"level":"ERROR","time":"2025-01-13T09:18:00.281+0800","caller":"discovery/discovery.go:114","msg":"register failed","error":"context deadline exceeded"}
{"level":"ERROR","time":"2025-01-13T09:18:00.739+0800","caller":"discovery/discovery.go:114","msg":"register failed","error":"context deadline exceeded"}
{"level":"ERROR","time":"2025-01-13T09:18:03.281+0800","caller":"discovery/discovery.go:114","msg":"register failed","error":"context deadline exceeded"}
{"level":"ERROR","time":"2025-01-13T09:18:03.740+0800","caller":"discovery/discovery.go:114","msg":"register failed","error":"context deadline exceeded"}
{"level":"ERROR","time":"2025-01-13T09:18:06.282+0800","caller":"discovery/discovery.go:114","msg":"register failed","error":"context deadline exceeded"}
{"level":"ERROR","time":"2025-01-13T09:18:06.740+0800","caller":"discovery/discovery.go:114","msg":"register failed","error":"context deadline exceeded"}
{"level":"ERROR","time":"2025-01-13T09:18:09.282+0800","caller":"discovery/discovery.go:114","msg":"register failed","error":"context deadline exceeded"}
{"level":"ERROR","time":"2025-01-13T09:18:09.741+0800","caller":"discovery/discovery.go:114","msg":"register failed","error":"context deadline exceeded"}
{"level":"ERROR","time":"2025-01-13T09:18:12.283+0800","caller":"discovery/discovery.go:114","msg":"register failed","error":"context deadline exceeded"}
{"level":"ERROR","time":"2025-01-13T09:18:12.741+0800","caller":"discovery/discovery.go:114","msg":"register failed","error":"context deadline exceeded"}
{"level":"ERROR","time":"2025-01-13T09:18:15.283+0800","caller":"discovery/discovery.go:114","msg":"register failed","error":"context deadline exceeded"}
{"level":"ERROR","time":"2025-01-13T09:18:15.741+0800","caller":"discovery/discovery.go:114","msg":"register failed","error":"context deadline exceeded"}
{"level":"ERROR","time":"2025-01-13T09:18:18.283+0800","caller":"discovery/discovery.go:114","msg":"register failed","error":"context deadline exceeded"}
{"level":"ERROR","time":"2025-01-13T09:18:18.742+0800","caller":"discovery/discovery.go:114","msg":"register failed","error":"context deadline exceeded"}
{"level":"ERROR","time":"2025-01-13T09:18:21.284+0800","caller":"discovery/discovery.go:114","msg":"register failed","error":"context deadline exceeded"}
{"level":"ERROR","time":"2025-01-13T09:18:21.742+0800","caller":"discovery/discovery.go:114","msg":"register failed","error":"context deadline exceeded"}
{"level":"ERROR","time":"2025-01-13T09:18:24.284+0800","caller":"discovery/discovery.go:114","msg":"register failed","error":"context deadline exceeded"}
{"level":"ERROR","time":"2025-01-13T09:18:24.743+0800","caller":"discovery/discovery.go:114","msg":"register failed","error":"context deadline exceeded"}
{"level":"ERROR","time":"2025-01-13T09:18:27.284+0800","caller":"discovery/discovery.go:114","msg":"register failed","error":"context deadline exceeded"}
{"level":"ERROR","time":"2025-01-13T09:18:27.743+0800","caller":"discovery/discovery.go:114","msg":"register failed","error":"context deadline exceeded"}
{"level":"ERROR","time":"2025-01-13T09:18:30.285+0800","caller":"discovery/discovery.go:114","msg":"register failed","error":"context deadline exceeded"}
{"level":"ERROR","time":"2025-01-13T09:18:30.744+0800","caller":"discovery/discovery.go:114","msg":"register failed","error":"context deadline exceeded"}
{"level":"ERROR","time":"2025-01-13T09:18:33.286+0800","caller":"discovery/discovery.go:114","msg":"register failed","error":"context deadline exceeded"}
{"level":"ERROR","time":"2025-01-13T09:18:33.744+0800","caller":"discovery/discovery.go:114","msg":"register failed","error":"context deadline exceeded"}
{"level":"ERROR","time":"2025-01-13T09:18:36.286+0800","caller":"discovery/discovery.go:114","msg":"register failed","error":"context deadline exceeded"}
{"level":"ERROR","time":"2025-01-13T09:18:36.744+0800","caller":"discovery/discovery.go:114","msg":"register failed","error":"context deadline exceeded"}
{"level":"ERROR","time":"2025-01-13T09:18:39.289+0800","caller":"discovery/discovery.go:114","msg":"register failed","error":"context deadline exceeded"}
{"level":"ERROR","time":"2025-01-13T09:18:39.744+0800","caller":"discovery/discovery.go:114","msg":"register failed","error":"context deadline exceeded"}
{"level":"ERROR","time":"2025-01-13T09:18:42.288+0800","caller":"discovery/resolver.go:146","msg":"sync failed","error":"context deadline exceeded"}
{"level":"ERROR","time":"2025-01-13T09:18:42.289+0800","caller":"discovery/discovery.go:114","msg":"register failed","error":"context deadline exceeded"}
{"level":"ERROR","time":"2025-01-13T09:18:42.747+0800","caller":"discovery/discovery.go:114","msg":"register failed","error":"context deadline exceeded"}
{"level":"ERROR","time":"2025-01-13T09:18:45.290+0800","caller":"discovery/discovery.go:114","msg":"register failed","error":"context deadline exceeded"}
{"level":"ERROR","time":"2025-01-13T09:18:45.747+0800","caller":"discovery/discovery.go:114","msg":"register failed","error":"context deadline exceeded"}
{"level":"ERROR","time":"2025-01-13T09:18:48.291+0800","caller":"discovery/discovery.go:114","msg":"register failed","error":"context deadline exceeded"}
{"level":"ERROR","time":"2025-01-13T09:18:48.747+0800","caller":"discovery/discovery.go:114","msg":"register failed","error":"context deadline exceeded"}
{"level":"ERROR","time":"2025-01-13T09:18:51.024+0800","caller":"discovery/resolver.go:146","msg":"sync failed","error":"context deadline exceeded"}
{"level":"ERROR","time":"2025-01-13T09:18:51.028+0800","caller":"discovery/resolver.go:146","msg":"sync failed","error":"context deadline exceeded"}
{"level":"ERROR","time":"2025-01-13T09:18:51.291+0800","caller":"discovery/discovery.go:114","msg":"register failed","error":"context deadline exceeded"}
{"level":"ERROR","time":"2025-01-13T09:18:51.748+0800","caller":"discovery/discovery.go:114","msg":"register failed","error":"context deadline exceeded"}
{"level":"ERROR","time":"2025-01-13T09:18:54.292+0800","caller":"discovery/discovery.go:114","msg":"register failed","error":"context deadline exceeded"}
{"level":"ERROR","time":"2025-01-13T09:18:54.749+0800","caller":"discovery/discovery.go:114","msg":"register failed","error":"context deadline exceeded"}
{"level":"ERROR","time":"2025-01-13T09:18:57.292+0800","caller":"discovery/discovery.go:114","msg":"register failed","error":"context deadline exceeded"}
{"level":"ERROR","time":"2025-01-13T09:18:57.749+0800","caller":"discovery/discovery.go:114","msg":"register failed","error":"context deadline exceeded"}
{"level":"ERROR","time":"2025-01-13T09:19:00.293+0800","caller":"discovery/discovery.go:114","msg":"register failed","error":"context deadline exceeded"}
{"level":"ERROR","time":"2025-01-13T09:19:00.749+0800","caller":"discovery/discovery.go:114","msg":"register failed","error":"context deadline exceeded"}
{"level":"ERROR","time":"2025-01-13T09:19:03.293+0800","caller":"discovery/discovery.go:114","msg":"register failed","error":"context deadline exceeded"}
{"level":"ERROR","time":"2025-01-13T09:19:03.750+0800","caller":"discovery/discovery.go:114","msg":"register failed","error":"context deadline exceeded"}
{"level":"ERROR","time":"2025-01-13T09:19:06.293+0800","caller":"discovery/discovery.go:114","msg":"register failed","error":"context deadline exceeded"}
{"level":"ERROR","time":"2025-01-13T09:19:06.751+0800","caller":"discovery/discovery.go:114","msg":"register failed","error":"context deadline exceeded"}
{"level":"ERROR","time":"2025-01-13T09:19:09.294+0800","caller":"discovery/discovery.go:114","msg":"register failed","error":"context deadline exceeded"}
{"level":"ERROR","time":"2025-01-13T09:19:09.751+0800","caller":"discovery/discovery.go:114","msg":"register failed","error":"context deadline exceeded"}
{"level":"ERROR","time":"2025-01-13T09:19:12.295+0800","caller":"discovery/discovery.go:114","msg":"register failed","error":"context deadline exceeded"}
{"level":"ERROR","time":"2025-01-13T09:19:12.752+0800","caller":"discovery/discovery.go:114","msg":"register failed","error":"context deadline exceeded"}
{"level":"ERROR","time":"2025-01-13T09:19:15.295+0800","caller":"discovery/discovery.go:114","msg":"register failed","error":"context deadline exceeded"}
{"level":"ERROR","time":"2025-01-13T09:19:15.752+0800","caller":"discovery/discovery.go:114","msg":"register failed","error":"context deadline exceeded"}
{"level":"ERROR","time":"2025-01-13T09:19:18.296+0800","caller":"discovery/discovery.go:114","msg":"register failed","error":"context deadline exceeded"}
{"level":"ERROR","time":"2025-01-13T09:19:18.752+0800","caller":"discovery/discovery.go:114","msg":"register failed","error":"context deadline exceeded"}
{"level":"ERROR","time":"2025-01-13T09:19:21.296+0800","caller":"discovery/discovery.go:114","msg":"register failed","error":"context deadline exceeded"}
{"level":"ERROR","time":"2025-01-13T09:19:21.753+0800","caller":"discovery/discovery.go:114","msg":"register failed","error":"context deadline exceeded"}
{"level":"ERROR","time":"2025-01-13T09:19:24.296+0800","caller":"discovery/discovery.go:114","msg":"register failed","error":"context deadline exceeded"}
{"level":"ERROR","time":"2025-01-13T09:19:24.753+0800","caller":"discovery/discovery.go:114","msg":"register failed","error":"context deadline exceeded"}
{"level":"ERROR","time":"2025-01-13T09:19:27.297+0800","caller":"discovery/discovery.go:114","msg":"register failed","error":"context deadline exceeded"}
{"level":"ERROR","time":"2025-01-13T09:19:27.753+0800","caller":"discovery/discovery.go:114","msg":"register failed","error":"context deadline exceeded"}
{"level":"ERROR","time":"2025-01-13T09:19:30.297+0800","caller":"discovery/discovery.go:114","msg":"register failed","error":"context deadline exceeded"}
{"level":"ERROR","time":"2025-01-13T09:19:30.754+0800","caller":"discovery/discovery.go:114","msg":"register failed","error":"context deadline exceeded"}
{"level":"ERROR","time":"2025-01-13T09:19:33.298+0800","caller":"discovery/discovery.go:114","msg":"register failed","error":"context deadline exceeded"}
{"level":"ERROR","time":"2025-01-13T09:19:33.754+0800","caller":"discovery/discovery.go:114","msg":"register failed","error":"context deadline exceeded"}
{"level":"ERROR","time":"2025-01-13T09:19:36.298+0800","caller":"discovery/discovery.go:114","msg":"register failed","error":"context deadline exceeded"}
{"level":"ERROR","time":"2025-01-13T09:19:36.755+0800","caller":"discovery/discovery.go:114","msg":"register failed","error":"context deadline exceeded"}
{"level":"ERROR","time":"2025-01-13T09:19:39.298+0800","caller":"discovery/discovery.go:114","msg":"register failed","error":"context deadline exceeded"}
{"level":"ERROR","time":"2025-01-13T09:19:39.755+0800","caller":"discovery/discovery.go:114","msg":"register failed","error":"context deadline exceeded"}
{"level":"ERROR","time":"2025-01-13T09:19:42.288+0800","caller":"discovery/resolver.go:146","msg":"sync failed","error":"context deadline exceeded"}
{"level":"ERROR","time":"2025-01-13T09:19:42.299+0800","caller":"discovery/discovery.go:114","msg":"register failed","error":"context deadline exceeded"}
{"level":"ERROR","time":"2025-01-13T09:19:42.756+0800","caller":"discovery/discovery.go:114","msg":"register failed","error":"context deadline exceeded"}
{"level":"ERROR","time":"2025-01-13T09:19:45.300+0800","caller":"discovery/discovery.go:114","msg":"register failed","error":"context deadline exceeded"}
{"level":"ERROR","time":"2025-01-13T09:19:45.757+0800","caller":"discovery/discovery.go:114","msg":"register failed","error":"context deadline exceeded"}
{"level":"ERROR","time":"2025-01-13T09:19:48.300+0800","caller":"discovery/discovery.go:114","msg":"register failed","error":"context deadline exceeded"}
{"level":"ERROR","time":"2025-01-13T09:19:48.757+0800","caller":"discovery/discovery.go:114","msg":"register failed","error":"context deadline exceeded"}
{"level":"ERROR","time":"2025-01-13T09:19:51.023+0800","caller":"discovery/resolver.go:146","msg":"sync failed","error":"context deadline exceeded"}
{"level":"ERROR","time":"2025-01-13T09:19:51.027+0800","caller":"discovery/resolver.go:146","msg":"sync failed","error":"context deadline exceeded"}
{"level":"ERROR","time":"2025-01-13T09:19:51.300+0800","caller":"discovery/discovery.go:114","msg":"register failed","error":"context deadline exceeded"}
{"level":"ERROR","time":"2025-01-13T09:19:51.757+0800","caller":"discovery/discovery.go:114","msg":"register failed","error":"context deadline exceeded"}
{"level":"ERROR","time":"2025-01-13T09:19:54.301+0800","caller":"discovery/discovery.go:114","msg":"register failed","error":"context deadline exceeded"}
{"level":"ERROR","time":"2025-01-13T09:19:54.759+0800","caller":"discovery/discovery.go:114","msg":"register failed","error":"context deadline exceeded"}
{"level":"ERROR","time":"2025-01-13T09:19:57.301+0800","caller":"discovery/discovery.go:114","msg":"register failed","error":"context deadline exceeded"}
{"level":"ERROR","time":"2025-01-13T09:19:57.759+0800","caller":"discovery/discovery.go:114","msg":"register failed","error":"context deadline exceeded"}
{"level":"ERROR","time":"2025-01-13T09:20:00.301+0800","caller":"discovery/discovery.go:114","msg":"register failed","error":"context deadline exceeded"}
{"level":"ERROR","time":"2025-01-13T09:20:00.759+0800","caller":"discovery/discovery.go:114","msg":"register failed","error":"context deadline exceeded"}
{"level":"ERROR","time":"2025-01-13T09:20:03.302+0800","caller":"discovery/discovery.go:114","msg":"register failed","error":"context deadline exceeded"}
{"level":"ERROR","time":"2025-01-13T09:20:03.760+0800","caller":"discovery/discovery.go:114","msg":"register failed","error":"context deadline exceeded"}
{"level":"ERROR","time":"2025-01-13T09:20:06.302+0800","caller":"discovery/discovery.go:114","msg":"register failed","error":"context deadline exceeded"}
{"level":"ERROR","time":"2025-01-13T09:20:06.760+0800","caller":"discovery/discovery.go:114","msg":"register failed","error":"context deadline exceeded"}
{"level":"ERROR","time":"2025-01-13T09:20:09.302+0800","caller":"discovery/discovery.go:114","msg":"register failed","error":"context deadline exceeded"}
{"level":"ERROR","time":"2025-01-13T09:20:09.760+0800","caller":"discovery/discovery.go:114","msg":"register failed","error":"context deadline exceeded"}
{"level":"ERROR","time":"2025-01-13T09:20:12.303+0800","caller":"discovery/discovery.go:114","msg":"register failed","error":"context deadline exceeded"}
{"level":"ERROR","time":"2025-01-13T09:20:12.761+0800","caller":"discovery/discovery.go:114","msg":"register failed","error":"context deadline exceeded"}
{"level":"ERROR","time":"2025-01-13T09:20:15.303+0800","caller":"discovery/discovery.go:114","msg":"register failed","error":"context deadline exceeded"}
{"level":"ERROR","time":"2025-01-13T09:20:15.761+0800","caller":"discovery/discovery.go:114","msg":"register failed","error":"context deadline exceeded"}
{"level":"ERROR","time":"2025-01-13T09:20:18.304+0800","caller":"discovery/discovery.go:114","msg":"register failed","error":"context deadline exceeded"}
{"level":"ERROR","time":"2025-01-13T09:20:18.761+0800","caller":"discovery/discovery.go:114","msg":"register failed","error":"context deadline exceeded"}
{"level":"ERROR","time":"2025-01-13T09:20:21.304+0800","caller":"discovery/discovery.go:114","msg":"register failed","error":"context deadline exceeded"}
{"level":"ERROR","time":"2025-01-13T09:20:21.761+0800","caller":"discovery/discovery.go:114","msg":"register failed","error":"context deadline exceeded"}
{"level":"ERROR","time":"2025-01-13T09:20:24.304+0800","caller":"discovery/discovery.go:114","msg":"register failed","error":"context deadline exceeded"}
{"level":"ERROR","time":"2025-01-13T09:20:24.762+0800","caller":"discovery/discovery.go:114","msg":"register failed","error":"context deadline exceeded"}
{"level":"ERROR","time":"2025-01-13T09:20:27.304+0800","caller":"discovery/discovery.go:114","msg":"register failed","error":"context deadline exceeded"}
{"level":"ERROR","time":"2025-01-13T09:20:27.762+0800","caller":"discovery/discovery.go:114","msg":"register failed","error":"context deadline exceeded"}
{"level":"ERROR","time":"2025-01-13T09:20:30.305+0800","caller":"discovery/discovery.go:114","msg":"register failed","error":"context deadline exceeded"}
{"level":"ERROR","time":"2025-01-13T09:20:30.763+0800","caller":"discovery/discovery.go:114","msg":"register failed","error":"context deadline exceeded"}
{"level":"ERROR","time":"2025-01-13T09:20:33.306+0800","caller":"discovery/discovery.go:114","msg":"register failed","error":"context deadline exceeded"}
{"level":"ERROR","time":"2025-01-13T09:20:33.763+0800","caller":"discovery/discovery.go:114","msg":"register failed","error":"context deadline exceeded"}
{"level":"ERROR","time":"2025-01-13T09:20:36.306+0800","caller":"discovery/discovery.go:114","msg":"register failed","error":"context deadline exceeded"}
{"level":"ERROR","time":"2025-01-13T09:20:36.763+0800","caller":"discovery/discovery.go:114","msg":"register failed","error":"context deadline exceeded"}
{"level":"ERROR","time":"2025-01-13T09:20:39.307+0800","caller":"discovery/discovery.go:114","msg":"register failed","error":"context deadline exceeded"}
{"level":"ERROR","time":"2025-01-13T09:20:39.763+0800","caller":"discovery/discovery.go:114","msg":"register failed","error":"context deadline exceeded"}
{"level":"ERROR","time":"2025-01-13T09:20:42.287+0800","caller":"discovery/resolver.go:146","msg":"sync failed","error":"context deadline exceeded"}
{"level":"ERROR","time":"2025-01-13T09:20:42.308+0800","caller":"discovery/discovery.go:114","msg":"register failed","error":"context deadline exceeded"}
{"level":"ERROR","time":"2025-01-13T09:20:42.764+0800","caller":"discovery/discovery.go:114","msg":"register failed","error":"context deadline exceeded"}
{"level":"ERROR","time":"2025-01-13T09:20:45.308+0800","caller":"discovery/discovery.go:114","msg":"register failed","error":"context deadline exceeded"}
{"level":"ERROR","time":"2025-01-13T09:20:45.764+0800","caller":"discovery/discovery.go:114","msg":"register failed","error":"context deadline exceeded"}
{"level":"ERROR","time":"2025-01-13T09:20:48.309+0800","caller":"discovery/discovery.go:114","msg":"register failed","error":"context deadline exceeded"}
{"level":"ERROR","time":"2025-01-13T09:20:48.765+0800","caller":"discovery/discovery.go:114","msg":"register failed","error":"context deadline exceeded"}
{"level":"ERROR","time":"2025-01-13T09:20:51.022+0800","caller":"discovery/resolver.go:146","msg":"sync failed","error":"context deadline exceeded"}
{"level":"ERROR","time":"2025-01-13T09:20:51.028+0800","caller":"discovery/resolver.go:146","msg":"sync failed","error":"context deadline exceeded"}
{"level":"ERROR","time":"2025-01-13T09:20:51.309+0800","caller":"discovery/discovery.go:114","msg":"register failed","error":"context deadline exceeded"}
{"level":"ERROR","time":"2025-01-13T09:20:51.765+0800","caller":"discovery/discovery.go:114","msg":"register failed","error":"context deadline exceeded"}
{"level":"ERROR","time":"2025-01-13T09:20:54.310+0800","caller":"discovery/discovery.go:114","msg":"register failed","error":"context deadline exceeded"}
{"level":"ERROR","time":"2025-01-13T09:20:54.765+0800","caller":"discovery/discovery.go:114","msg":"register failed","error":"context deadline exceeded"}
{"level":"ERROR","time":"2025-01-13T09:20:57.310+0800","caller":"discovery/discovery.go:114","msg":"register failed","error":"context deadline exceeded"}
{"level":"ERROR","time":"2025-01-13T09:20:57.766+0800","caller":"discovery/discovery.go:114","msg":"register failed","error":"context deadline exceeded"}
{"level":"ERROR","time":"2025-01-13T09:21:00.310+0800","caller":"discovery/discovery.go:114","msg":"register failed","error":"context deadline exceeded"}
{"level":"ERROR","time":"2025-01-13T09:21:00.766+0800","caller":"discovery/discovery.go:114","msg":"register failed","error":"context deadline exceeded"}
{"level":"ERROR","time":"2025-01-13T09:21:03.311+0800","caller":"discovery/discovery.go:114","msg":"register failed","error":"context deadline exceeded"}
{"level":"ERROR","time":"2025-01-13T09:21:03.766+0800","caller":"discovery/discovery.go:114","msg":"register failed","error":"context deadline exceeded"}
{"level":"ERROR","time":"2025-01-13T09:21:06.311+0800","caller":"discovery/discovery.go:114","msg":"register failed","error":"context deadline exceeded"}
{"level":"ERROR","time":"2025-01-13T09:21:06.767+0800","caller":"discovery/discovery.go:114","msg":"register failed","error":"context deadline exceeded"}
{"level":"ERROR","time":"2025-01-13T09:21:09.312+0800","caller":"discovery/discovery.go:114","msg":"register failed","error":"context deadline exceeded"}
{"level":"ERROR","time":"2025-01-13T09:21:09.767+0800","caller":"discovery/discovery.go:114","msg":"register failed","error":"context deadline exceeded"}
{"level":"ERROR","time":"2025-01-13T09:21:12.313+0800","caller":"discovery/discovery.go:114","msg":"register failed","error":"context deadline exceeded"}
{"level":"ERROR","time":"2025-01-13T09:21:12.767+0800","caller":"discovery/discovery.go:114","msg":"register failed","error":"context deadline exceeded"}
{"level":"ERROR","time":"2025-01-13T10:01:36.375+0800","caller":"login.service.v1/login_service.go:226","msg":"TokenVerify cache get member error","error":"redis: nil"}
{"level":"ERROR","time":"2025-01-13T10:01:36.376+0800","caller":"login.service.v1/login_service.go:226","msg":"TokenVerify cache get member error","error":"redis: nil"}
{"level":"ERROR","time":"2025-01-13T10:01:36.376+0800","caller":"login.service.v1/login_service.go:226","msg":"TokenVerify cache get member error","error":"redis: nil"}
{"level":"ERROR","time":"2025-01-13T10:01:45.926+0800","caller":"login.service.v1/login_service.go:159","msg":"Login db FindMember error","error":"Error 1146 (42S02): Table 'msproject.ms_member' doesn't exist"}
{"level":"ERROR","time":"2025-01-13T11:11:31.310+0800","caller":"config/gorm.go:29","msg":"连接数据库失败, error=","error":"dial tcp 127.0.0.1:33091: connectex: No connection could be made because the target machine actively refused it."}
{"level":"ERROR","time":"2025-01-14T11:44:44.552+0800","caller":"discovery/discovery.go:114","msg":"register failed","error":"context deadline exceeded"}
{"level":"ERROR","time":"2025-01-14T11:44:45.554+0800","caller":"discovery/discovery.go:114","msg":"register failed","error":"context deadline exceeded"}
{"level":"ERROR","time":"2025-01-14T11:44:47.554+0800","caller":"discovery/discovery.go:114","msg":"register failed","error":"context deadline exceeded"}
{"level":"ERROR","time":"2025-01-14T11:44:48.556+0800","caller":"discovery/discovery.go:114","msg":"register failed","error":"context deadline exceeded"}
{"level":"ERROR","time":"2025-01-14T11:44:50.554+0800","caller":"discovery/discovery.go:114","msg":"register failed","error":"context deadline exceeded"}
{"level":"ERROR","time":"2025-01-14T11:44:51.557+0800","caller":"discovery/discovery.go:114","msg":"register failed","error":"context deadline exceeded"}
{"level":"ERROR","time":"2025-01-14T11:44:53.554+0800","caller":"discovery/discovery.go:114","msg":"register failed","error":"context deadline exceeded"}
{"level":"ERROR","time":"2025-01-14T11:44:54.558+0800","caller":"discovery/discovery.go:114","msg":"register failed","error":"context deadline exceeded"}
{"level":"ERROR","time":"2025-01-14T11:44:56.554+0800","caller":"discovery/discovery.go:114","msg":"register failed","error":"context deadline exceeded"}
{"level":"ERROR","time":"2025-01-14T11:44:57.558+0800","caller":"discovery/discovery.go:114","msg":"register failed","error":"context deadline exceeded"}
{"level":"ERROR","time":"2025-01-14T11:44:59.555+0800","caller":"discovery/discovery.go:114","msg":"register failed","error":"context deadline exceeded"}
{"level":"ERROR","time":"2025-01-14T11:45:00.558+0800","caller":"discovery/discovery.go:114","msg":"register failed","error":"context deadline exceeded"}
{"level":"ERROR","time":"2025-01-14T11:45:02.555+0800","caller":"discovery/discovery.go:114","msg":"register failed","error":"context deadline exceeded"}
{"level":"ERROR","time":"2025-01-14T11:45:03.559+0800","caller":"discovery/discovery.go:114","msg":"register failed","error":"context deadline exceeded"}
{"level":"ERROR","time":"2025-01-14T11:45:05.556+0800","caller":"discovery/discovery.go:114","msg":"register failed","error":"context deadline exceeded"}
{"level":"ERROR","time":"2025-01-14T11:45:06.559+0800","caller":"discovery/discovery.go:114","msg":"register failed","error":"context deadline exceeded"}
{"level":"ERROR","time":"2025-01-14T11:45:08.556+0800","caller":"discovery/discovery.go:114","msg":"register failed","error":"context deadline exceeded"}
{"level":"ERROR","time":"2025-01-14T11:45:09.560+0800","caller":"discovery/discovery.go:114","msg":"register failed","error":"context deadline exceeded"}
{"level":"ERROR","time":"2025-01-14T11:45:11.557+0800","caller":"discovery/discovery.go:114","msg":"register failed","error":"context deadline exceeded"}
{"level":"ERROR","time":"2025-01-14T11:45:12.560+0800","caller":"discovery/discovery.go:114","msg":"register failed","error":"context deadline exceeded"}
{"level":"ERROR","time":"2025-01-14T11:45:14.557+0800","caller":"discovery/discovery.go:114","msg":"register failed","error":"context deadline exceeded"}
{"level":"ERROR","time":"2025-01-14T11:45:15.561+0800","caller":"discovery/discovery.go:114","msg":"register failed","error":"context deadline exceeded"}
{"level":"ERROR","time":"2025-01-14T11:50:07.675+0800","caller":"discovery/discovery.go:114","msg":"register failed","error":"context deadline exceeded"}
{"level":"ERROR","time":"2025-01-14T11:50:07.684+0800","caller":"discovery/discovery.go:114","msg":"register failed","error":"context deadline exceeded"}
{"level":"ERROR","time":"2025-01-14T11:50:10.676+0800","caller":"discovery/discovery.go:114","msg":"register failed","error":"context deadline exceeded"}
{"level":"ERROR","time":"2025-01-14T11:50:10.685+0800","caller":"discovery/discovery.go:114","msg":"register failed","error":"context deadline exceeded"}
{"level":"ERROR","time":"2025-01-14T11:50:13.676+0800","caller":"discovery/discovery.go:114","msg":"register failed","error":"context deadline exceeded"}
{"level":"ERROR","time":"2025-01-14T11:50:13.685+0800","caller":"discovery/discovery.go:114","msg":"register failed","error":"context deadline exceeded"}
{"level":"ERROR","time":"2025-01-14T11:50:16.677+0800","caller":"discovery/discovery.go:114","msg":"register failed","error":"context deadline exceeded"}
{"level":"ERROR","time":"2025-01-14T11:50:16.685+0800","caller":"discovery/discovery.go:114","msg":"register failed","error":"context deadline exceeded"}
{"level":"ERROR","time":"2025-01-14T11:50:19.678+0800","caller":"discovery/discovery.go:114","msg":"register failed","error":"context deadline exceeded"}
{"level":"ERROR","time":"2025-01-14T11:50:19.686+0800","caller":"discovery/discovery.go:114","msg":"register failed","error":"context deadline exceeded"}
{"level":"ERROR","time":"2025-01-14T11:50:22.678+0800","caller":"discovery/discovery.go:114","msg":"register failed","error":"context deadline exceeded"}
{"level":"ERROR","time":"2025-01-14T11:50:22.687+0800","caller":"discovery/discovery.go:114","msg":"register failed","error":"context deadline exceeded"}
{"level":"ERROR","time":"2025-01-14T11:50:25.678+0800","caller":"discovery/discovery.go:114","msg":"register failed","error":"context deadline exceeded"}
{"level":"ERROR","time":"2025-01-14T11:50:25.687+0800","caller":"discovery/discovery.go:114","msg":"register failed","error":"context deadline exceeded"}
{"level":"ERROR","time":"2025-01-14T11:50:28.679+0800","caller":"discovery/discovery.go:114","msg":"register failed","error":"context deadline exceeded"}
{"level":"ERROR","time":"2025-01-14T11:50:28.689+0800","caller":"discovery/discovery.go:114","msg":"register failed","error":"context deadline exceeded"}
{"level":"ERROR","time":"2025-01-14T11:50:31.680+0800","caller":"discovery/discovery.go:114","msg":"register failed","error":"context deadline exceeded"}
{"level":"ERROR","time":"2025-01-14T11:50:31.689+0800","caller":"discovery/discovery.go:114","msg":"register failed","error":"context deadline exceeded"}
